22:38:12.345 [main] INFO  testCases.LoginFunctionality_LF.TC_LF_007_LoginTest - 
22:38:12.353 [main] INFO  testCases.LoginFunctionality_LF.TC_LF_007_LoginTest - ***  START TC_LF_007_LoginTest ***
22:38:12.374 [main] INFO  testCases.LoginFunctionality_LF.TC_LF_007_LoginTest - ... create Home Page
22:38:12.495 [main] INFO  testCases.LoginFunctionality_LF.TC_LF_007_LoginTest - ... click on 'My account' in navbar
22:38:13.394 [main] INFO  testCases.LoginFunctionality_LF.TC_LF_007_LoginTest - ... click on 'Register'
22:38:13.406 [main] INFO  testCases.LoginFunctionality_LF.TC_LF_007_LoginTest - ... create Account Registration Page
22:38:13.406 [main] INFO  testCases.LoginFunctionality_LF.TC_LF_007_LoginTest - ... generating user data:
22:38:13.408 [main] INFO  testCases.LoginFunctionality_LF.TC_LF_007_LoginTest - first name: GHERA
22:38:13.408 [main] INFO  testCases.LoginFunctionality_LF.TC_LF_007_LoginTest - last name: FMYPA
22:38:13.408 [main] INFO  testCases.LoginFunctionality_LF.TC_LF_007_LoginTest - email: ueitw@gmail.com
22:38:13.408 [main] INFO  testCases.LoginFunctionality_LF.TC_LF_007_LoginTest - phone number: 6846445667
22:38:13.409 [main] INFO  testCases.LoginFunctionality_LF.TC_LF_007_LoginTest - password: cgwE@562, confirm password: cgwE@562
22:38:13.409 [main] INFO  testCases.LoginFunctionality_LF.TC_LF_007_LoginTest - ... setting user data to the corresponding fields
22:38:14.296 [main] INFO  testCases.LoginFunctionality_LF.TC_LF_007_LoginTest - ... click on 'accept policy rules' 
22:38:15.394 [main] INFO  testCases.LoginFunctionality_LF.TC_LF_007_LoginTest - ... click 'Continue' button
22:38:15.521 [main] INFO  testCases.LoginFunctionality_LF.TC_LF_007_LoginTest - ... click on 'My account' in navbar
22:38:16.629 [main] INFO  testCases.LoginFunctionality_LF.TC_LF_007_LoginTest - ... click on 'Logout'
22:38:16.730 [main] INFO  testCases.LoginFunctionality_LF.TC_LF_007_LoginTest - ... click on 'My account' in navbar
22:38:17.352 [main] INFO  testCases.LoginFunctionality_LF.TC_LF_007_LoginTest - ... click on 'Login'
22:38:17.838 [main] INFO  testCases.LoginFunctionality_LF.TC_LF_007_LoginTest - ... move to email input field by pressing TAB
22:38:17.839 [main] INFO  testCases.LoginFunctionality_LF.TC_LF_007_LoginTest - ... insert valid email address: ueitw@gmail.com <----
22:38:18.024 [main] INFO  testCases.LoginFunctionality_LF.TC_LF_007_LoginTest - ... move to password input field by pressing TAB
22:38:18.106 [main] INFO  testCases.LoginFunctionality_LF.TC_LF_007_LoginTest - ... insert valid password: cgwE@562 <----
22:38:18.144 [main] INFO  testCases.LoginFunctionality_LF.TC_LF_007_LoginTest - ... move to login button by pressing TAB
22:38:19.107 [main] INFO  testCases.LoginFunctionality_LF.TC_LF_007_LoginTest - ... click on 'Login' button with ENTER
22:38:19.111 [main] INFO  testCases.LoginFunctionality_LF.TC_LF_007_LoginTest - ... create 'My Account' Page
22:38:19.157 [main] INFO  testCases.LoginFunctionality_LF.TC_LF_007_LoginTest - ... check the title on the My Account page
22:38:19.161 [main] INFO  testCases.LoginFunctionality_LF.TC_LF_007_LoginTest - ***  END TC_LF_007_LoginTest ***
23:45:25.241 [main] INFO  testCases.LoginFunctionality_LF.TC_LF_007_LoginTest - 
23:45:25.243 [main] INFO  testCases.LoginFunctionality_LF.TC_LF_007_LoginTest - ***  START TC_LF_007_LoginTest ***
23:45:25.255 [main] INFO  testCases.LoginFunctionality_LF.TC_LF_007_LoginTest - ... create Home Page
23:45:25.340 [main] INFO  testCases.LoginFunctionality_LF.TC_LF_007_LoginTest - ... click on 'My account' in navbar
23:45:26.750 [main] INFO  testCases.LoginFunctionality_LF.TC_LF_007_LoginTest - ... click on 'Register'
23:45:26.757 [main] INFO  testCases.LoginFunctionality_LF.TC_LF_007_LoginTest - ... create Account Registration Page
23:45:26.757 [main] INFO  testCases.LoginFunctionality_LF.TC_LF_007_LoginTest - ... generating user data:
23:45:26.758 [main] INFO  testCases.LoginFunctionality_LF.TC_LF_007_LoginTest - first name: NBGVH
23:45:26.759 [main] INFO  testCases.LoginFunctionality_LF.TC_LF_007_LoginTest - last name: JJVIS
23:45:26.759 [main] INFO  testCases.LoginFunctionality_LF.TC_LF_007_LoginTest - email: oKugV@gmail.com
23:45:26.759 [main] INFO  testCases.LoginFunctionality_LF.TC_LF_007_LoginTest - phone number: 3972921097
23:45:26.760 [main] INFO  testCases.LoginFunctionality_LF.TC_LF_007_LoginTest - password: wQXj@801, confirm password: wQXj@801
23:45:26.760 [main] INFO  testCases.LoginFunctionality_LF.TC_LF_007_LoginTest - ... setting user data to the corresponding fields
23:45:27.342 [main] INFO  testCases.LoginFunctionality_LF.TC_LF_007_LoginTest - ... click on 'accept policy rules' 
23:45:28.524 [main] INFO  testCases.LoginFunctionality_LF.TC_LF_007_LoginTest - ... click 'Continue' button
23:45:28.578 [main] INFO  testCases.LoginFunctionality_LF.TC_LF_007_LoginTest - ... click on 'My account' in navbar
23:45:29.471 [main] INFO  testCases.LoginFunctionality_LF.TC_LF_007_LoginTest - ... click on 'Logout'
23:45:29.523 [main] INFO  testCases.LoginFunctionality_LF.TC_LF_007_LoginTest - ... click on 'My account' in navbar
23:45:30.025 [main] INFO  testCases.LoginFunctionality_LF.TC_LF_007_LoginTest - ... click on 'Login'
23:45:30.224 [main] INFO  testCases.LoginFunctionality_LF.TC_LF_007_LoginTest - ... move to email input field by pressing TAB
23:45:30.224 [main] INFO  testCases.LoginFunctionality_LF.TC_LF_007_LoginTest - ... insert valid email address: oKugV@gmail.com <----
23:45:30.281 [main] INFO  testCases.LoginFunctionality_LF.TC_LF_007_LoginTest - ... move to password input field by pressing TAB
23:45:30.306 [main] INFO  testCases.LoginFunctionality_LF.TC_LF_007_LoginTest - ... insert valid password: wQXj@801 <----
23:45:30.322 [main] INFO  testCases.LoginFunctionality_LF.TC_LF_007_LoginTest - ... move to login button by pressing TAB
23:45:31.284 [main] INFO  testCases.LoginFunctionality_LF.TC_LF_007_LoginTest - ... click on 'Login' button with ENTER
23:45:31.286 [main] INFO  testCases.LoginFunctionality_LF.TC_LF_007_LoginTest - ... create 'My Account' Page
23:45:31.321 [main] INFO  testCases.LoginFunctionality_LF.TC_LF_007_LoginTest - ... check the title on the My Account page
23:45:31.324 [main] INFO  testCases.LoginFunctionality_LF.TC_LF_007_LoginTest - ***  END TC_LF_007_LoginTest ***
23:55:19.690 [main] INFO  testCases.LoginFunctionality_LF.TC_LF_001_LoginTest - 
23:55:19.693 [main] INFO  testCases.LoginFunctionality_LF.TC_LF_001_LoginTest - ***  START TC_LF_001_LoginTest ***
23:55:19.710 [main] INFO  testCases.LoginFunctionality_LF.TC_LF_001_LoginTest - ... create Home Page
23:55:19.794 [main] INFO  testCases.LoginFunctionality_LF.TC_LF_001_LoginTest - ... click on 'My account' in navbar
23:55:20.870 [main] INFO  testCases.LoginFunctionality_LF.TC_LF_001_LoginTest - ... click on 'Register'
23:55:20.880 [main] INFO  testCases.LoginFunctionality_LF.TC_LF_001_LoginTest - ... create Account Registration Page
23:55:20.881 [main] INFO  testCases.LoginFunctionality_LF.TC_LF_001_LoginTest - ... generating user data:
23:55:20.882 [main] INFO  testCases.LoginFunctionality_LF.TC_LF_001_LoginTest - first name: JLKTC
23:55:20.882 [main] INFO  testCases.LoginFunctionality_LF.TC_LF_001_LoginTest - last name: FDQPQ
23:55:20.882 [main] INFO  testCases.LoginFunctionality_LF.TC_LF_001_LoginTest - email: yJhCb@gmail.com
23:55:20.883 [main] INFO  testCases.LoginFunctionality_LF.TC_LF_001_LoginTest - phone number: 2404562980
23:55:20.883 [main] INFO  testCases.LoginFunctionality_LF.TC_LF_001_LoginTest - password: TNhg@379, confirm password: TNhg@379
23:55:20.884 [main] INFO  testCases.LoginFunctionality_LF.TC_LF_001_LoginTest - ... setting user data to the corresponding fields
23:55:21.451 [main] INFO  testCases.LoginFunctionality_LF.TC_LF_001_LoginTest - ... click on 'accept policy rules' 
23:55:22.372 [main] INFO  testCases.LoginFunctionality_LF.TC_LF_001_LoginTest - ... click 'Continue' button
23:55:22.427 [main] INFO  testCases.LoginFunctionality_LF.TC_LF_001_LoginTest - ... click on 'My account' in navbar
23:55:23.302 [main] INFO  testCases.LoginFunctionality_LF.TC_LF_001_LoginTest - ... click on 'Logout'
23:55:23.352 [main] INFO  testCases.LoginFunctionality_LF.TC_LF_001_LoginTest - ... click on 'My account' in navbar
23:55:23.878 [main] INFO  testCases.LoginFunctionality_LF.TC_LF_001_LoginTest - ... click on 'Login'
23:55:23.879 [main] INFO  testCases.LoginFunctionality_LF.TC_LF_001_LoginTest - ... create 'Login' Page
23:55:23.976 [main] INFO  testCases.LoginFunctionality_LF.TC_LF_001_LoginTest - ... setting users email
23:55:24.050 [main] INFO  testCases.LoginFunctionality_LF.TC_LF_001_LoginTest - ... setting users password
23:55:25.083 [main] INFO  testCases.LoginFunctionality_LF.TC_LF_001_LoginTest - ... click on 'Login'
23:55:25.084 [main] INFO  testCases.LoginFunctionality_LF.TC_LF_001_LoginTest - ... create 'My Account' Page
23:55:25.119 [main] INFO  testCases.LoginFunctionality_LF.TC_LF_001_LoginTest - ... check the title on the My Account page
23:55:25.121 [main] INFO  testCases.LoginFunctionality_LF.TC_LF_001_LoginTest - ***  END TC_LF_001_LoginTest ***
23:55:30.740 [main] INFO  testCases.LoginFunctionality_LF.TC_LF_002_LoginTest - 
23:55:30.740 [main] INFO  testCases.LoginFunctionality_LF.TC_LF_002_LoginTest - ***  START TC_LF_002_LoginTest ***
23:55:30.741 [main] INFO  testCases.LoginFunctionality_LF.TC_LF_002_LoginTest - ... create Home Page
23:55:30.832 [main] INFO  testCases.LoginFunctionality_LF.TC_LF_002_LoginTest - ... click on 'My account' in navbar
23:55:31.902 [main] INFO  testCases.LoginFunctionality_LF.TC_LF_002_LoginTest - ... click on 'Register'
23:55:31.904 [main] INFO  testCases.LoginFunctionality_LF.TC_LF_002_LoginTest - ... create Account Registration Page
23:55:31.904 [main] INFO  testCases.LoginFunctionality_LF.TC_LF_002_LoginTest - ... generating user data:
23:55:31.905 [main] INFO  testCases.LoginFunctionality_LF.TC_LF_002_LoginTest - first name: SHXBP
23:55:31.905 [main] INFO  testCases.LoginFunctionality_LF.TC_LF_002_LoginTest - last name: FUVIL
23:55:31.905 [main] INFO  testCases.LoginFunctionality_LF.TC_LF_002_LoginTest - email: DBpZo@gmail.com
23:55:31.905 [main] INFO  testCases.LoginFunctionality_LF.TC_LF_002_LoginTest - phone number: 0049825503
23:55:31.905 [main] INFO  testCases.LoginFunctionality_LF.TC_LF_002_LoginTest - password: wChN@007, confirm password: wChN@007
23:55:31.905 [main] INFO  testCases.LoginFunctionality_LF.TC_LF_002_LoginTest - ... setting user data to the corresponding fields
23:55:32.473 [main] INFO  testCases.LoginFunctionality_LF.TC_LF_002_LoginTest - ... click on 'accept policy rules' 
23:55:33.411 [main] INFO  testCases.LoginFunctionality_LF.TC_LF_002_LoginTest - ... click 'Continue' button
23:55:33.464 [main] INFO  testCases.LoginFunctionality_LF.TC_LF_002_LoginTest - ... click on 'My account' in navbar
23:55:34.351 [main] INFO  testCases.LoginFunctionality_LF.TC_LF_002_LoginTest - ... click on 'Logout'
23:55:34.406 [main] INFO  testCases.LoginFunctionality_LF.TC_LF_002_LoginTest - ... click on 'My account' in navbar
23:55:34.915 [main] INFO  testCases.LoginFunctionality_LF.TC_LF_002_LoginTest - ... click on 'Login'
23:55:34.916 [main] INFO  testCases.LoginFunctionality_LF.TC_LF_002_LoginTest - ... create 'Login' Page
23:55:35.008 [main] INFO  testCases.LoginFunctionality_LF.TC_LF_002_LoginTest - ... setting users email
23:55:35.082 [main] INFO  testCases.LoginFunctionality_LF.TC_LF_002_LoginTest - ... setting users password
23:55:35.593 [main] INFO  testCases.LoginFunctionality_LF.TC_LF_002_LoginTest - ... click on 'Login'
23:55:35.629 [main] INFO  testCases.LoginFunctionality_LF.TC_LF_002_LoginTest - ... check the title on the My Account page
23:55:35.629 [main] INFO  testCases.LoginFunctionality_LF.TC_LF_002_LoginTest - ***  END TC_LF_002_LoginTest ***
23:55:41.160 [main] INFO  testCases.LoginFunctionality_LF.TC_LF_003_LoginTest - 
23:55:41.161 [main] INFO  testCases.LoginFunctionality_LF.TC_LF_003_LoginTest - ***  START TC_LF_003_LoginTest ***
23:55:41.162 [main] INFO  testCases.LoginFunctionality_LF.TC_LF_003_LoginTest - ... create Home Page
23:55:41.260 [main] INFO  testCases.LoginFunctionality_LF.TC_LF_003_LoginTest - ... click on 'My account' in navbar
23:55:42.341 [main] INFO  testCases.LoginFunctionality_LF.TC_LF_003_LoginTest - ... click on 'Register'
23:55:42.343 [main] INFO  testCases.LoginFunctionality_LF.TC_LF_003_LoginTest - ... create Account Registration Page
23:55:42.343 [main] INFO  testCases.LoginFunctionality_LF.TC_LF_003_LoginTest - ... generating user data:
23:55:42.343 [main] INFO  testCases.LoginFunctionality_LF.TC_LF_003_LoginTest - first name: ROWQK
23:55:42.343 [main] INFO  testCases.LoginFunctionality_LF.TC_LF_003_LoginTest - last name: JZAYL
23:55:42.344 [main] INFO  testCases.LoginFunctionality_LF.TC_LF_003_LoginTest - email: WfUeM@gmail.com
23:55:42.344 [main] INFO  testCases.LoginFunctionality_LF.TC_LF_003_LoginTest - phone number: 4430542051
23:55:42.344 [main] INFO  testCases.LoginFunctionality_LF.TC_LF_003_LoginTest - password: HJmA@370, confirm password: HJmA@370
23:55:42.344 [main] INFO  testCases.LoginFunctionality_LF.TC_LF_003_LoginTest - ... setting user data to the corresponding fields
23:55:42.904 [main] INFO  testCases.LoginFunctionality_LF.TC_LF_003_LoginTest - ... click on 'accept policy rules' 
23:55:43.839 [main] INFO  testCases.LoginFunctionality_LF.TC_LF_003_LoginTest - ... click 'Continue' button
23:55:43.899 [main] INFO  testCases.LoginFunctionality_LF.TC_LF_003_LoginTest - ... click on 'My account' in navbar
23:55:44.791 [main] INFO  testCases.LoginFunctionality_LF.TC_LF_003_LoginTest - ... click on 'Logout'
23:55:44.845 [main] INFO  testCases.LoginFunctionality_LF.TC_LF_003_LoginTest - ... click on 'My account' in navbar
23:55:45.389 [main] INFO  testCases.LoginFunctionality_LF.TC_LF_003_LoginTest - ... click on 'Login'
23:55:45.389 [main] INFO  testCases.LoginFunctionality_LF.TC_LF_003_LoginTest - ... create 'Login' Page
23:55:45.481 [main] INFO  testCases.LoginFunctionality_LF.TC_LF_003_LoginTest - ... setting users email
23:55:45.558 [main] INFO  testCases.LoginFunctionality_LF.TC_LF_003_LoginTest - ... setting users password
23:55:46.067 [main] INFO  testCases.LoginFunctionality_LF.TC_LF_003_LoginTest - ... click on 'Login'
23:55:46.110 [main] INFO  testCases.LoginFunctionality_LF.TC_LF_003_LoginTest - ... check the title on the My Account page
23:55:46.110 [main] INFO  testCases.LoginFunctionality_LF.TC_LF_003_LoginTest - ***  END TC_LF_003_LoginTest ***
23:55:51.315 [main] INFO  testCases.LoginFunctionality_LF.TC_LF_004_LoginTest - 
23:55:51.316 [main] INFO  testCases.LoginFunctionality_LF.TC_LF_004_LoginTest - ***  START TC_LF_004_LoginTest ***
23:55:51.316 [main] INFO  testCases.LoginFunctionality_LF.TC_LF_004_LoginTest - ... create Home Page
23:55:51.391 [main] INFO  testCases.LoginFunctionality_LF.TC_LF_004_LoginTest - ... click on 'My account' in navbar
23:55:52.492 [main] INFO  testCases.LoginFunctionality_LF.TC_LF_004_LoginTest - ... click on 'Register'
23:55:52.494 [main] INFO  testCases.LoginFunctionality_LF.TC_LF_004_LoginTest - ... create Account Registration Page
23:55:52.494 [main] INFO  testCases.LoginFunctionality_LF.TC_LF_004_LoginTest - ... generating user data:
23:55:52.494 [main] INFO  testCases.LoginFunctionality_LF.TC_LF_004_LoginTest - first name: SKNNV
23:55:52.494 [main] INFO  testCases.LoginFunctionality_LF.TC_LF_004_LoginTest - last name: MXCRA
23:55:52.495 [main] INFO  testCases.LoginFunctionality_LF.TC_LF_004_LoginTest - email: xWpLS@gmail.com
23:55:52.495 [main] INFO  testCases.LoginFunctionality_LF.TC_LF_004_LoginTest - phone number: 6792804289
23:55:52.495 [main] INFO  testCases.LoginFunctionality_LF.TC_LF_004_LoginTest - password: YBWk@672, confirm password: YBWk@672
23:55:52.495 [main] INFO  testCases.LoginFunctionality_LF.TC_LF_004_LoginTest - ... setting user data to the corresponding fields
23:55:53.052 [main] INFO  testCases.LoginFunctionality_LF.TC_LF_004_LoginTest - ... click on 'accept policy rules' 
23:55:53.980 [main] INFO  testCases.LoginFunctionality_LF.TC_LF_004_LoginTest - ... click 'Continue' button
23:55:54.033 [main] INFO  testCases.LoginFunctionality_LF.TC_LF_004_LoginTest - ... click on 'My account' in navbar
23:55:54.940 [main] INFO  testCases.LoginFunctionality_LF.TC_LF_004_LoginTest - ... click on 'Logout'
23:55:54.994 [main] INFO  testCases.LoginFunctionality_LF.TC_LF_004_LoginTest - ... click on 'My account' in navbar
23:55:55.527 [main] INFO  testCases.LoginFunctionality_LF.TC_LF_004_LoginTest - ... click on 'Login'
23:55:55.527 [main] INFO  testCases.LoginFunctionality_LF.TC_LF_004_LoginTest - ... create 'Login' Page
23:55:55.619 [main] INFO  testCases.LoginFunctionality_LF.TC_LF_004_LoginTest - ... setting users email
23:55:55.689 [main] INFO  testCases.LoginFunctionality_LF.TC_LF_004_LoginTest - ... setting users password
23:55:56.204 [main] INFO  testCases.LoginFunctionality_LF.TC_LF_004_LoginTest - ... click on 'Login'
23:55:56.245 [main] INFO  testCases.LoginFunctionality_LF.TC_LF_004_LoginTest - ... check the title on the My Account page
23:55:56.245 [main] INFO  testCases.LoginFunctionality_LF.TC_LF_004_LoginTest - ***  END TC_LF_004_LoginTest ***
23:56:01.761 [main] INFO  testCases.LoginFunctionality_LF.TC_LF_005_LoginTest - 
23:56:01.762 [main] INFO  testCases.LoginFunctionality_LF.TC_LF_005_LoginTest - ***  START TC_LF_005_LoginTest ***
23:56:01.762 [main] INFO  testCases.LoginFunctionality_LF.TC_LF_005_LoginTest - ... create Home Page
23:56:01.839 [main] INFO  testCases.LoginFunctionality_LF.TC_LF_005_LoginTest - ... click on 'My account' in navbar
23:56:03.245 [main] INFO  testCases.LoginFunctionality_LF.TC_LF_005_LoginTest - ... click on 'Register'
23:56:03.252 [main] INFO  testCases.LoginFunctionality_LF.TC_LF_005_LoginTest - ... create Account Registration Page
23:56:03.252 [main] INFO  testCases.LoginFunctionality_LF.TC_LF_005_LoginTest - ... generating user data:
23:56:03.252 [main] INFO  testCases.LoginFunctionality_LF.TC_LF_005_LoginTest - first name: GIEKH
23:56:03.252 [main] INFO  testCases.LoginFunctionality_LF.TC_LF_005_LoginTest - last name: KOFNP
23:56:03.253 [main] INFO  testCases.LoginFunctionality_LF.TC_LF_005_LoginTest - email: rNPEe@gmail.com
23:56:03.253 [main] INFO  testCases.LoginFunctionality_LF.TC_LF_005_LoginTest - phone number: 7563086974
23:56:03.253 [main] INFO  testCases.LoginFunctionality_LF.TC_LF_005_LoginTest - password: IpDA@510, confirm password: IpDA@510
23:56:03.253 [main] INFO  testCases.LoginFunctionality_LF.TC_LF_005_LoginTest - ... setting user data to the corresponding fields
23:56:03.808 [main] INFO  testCases.LoginFunctionality_LF.TC_LF_005_LoginTest - ... click on 'accept policy rules' 
23:56:04.761 [main] INFO  testCases.LoginFunctionality_LF.TC_LF_005_LoginTest - ... click 'Continue' button
23:56:04.820 [main] INFO  testCases.LoginFunctionality_LF.TC_LF_005_LoginTest - ... click on 'My account' in navbar
23:56:05.667 [main] INFO  testCases.LoginFunctionality_LF.TC_LF_005_LoginTest - ... click on 'Logout'
23:56:05.720 [main] INFO  testCases.LoginFunctionality_LF.TC_LF_005_LoginTest - ... click on 'My account' in navbar
23:56:06.293 [main] INFO  testCases.LoginFunctionality_LF.TC_LF_005_LoginTest - ... click on 'Login'
23:56:06.294 [main] INFO  testCases.LoginFunctionality_LF.TC_LF_005_LoginTest - ... create 'Login' Page
23:56:06.876 [main] INFO  testCases.LoginFunctionality_LF.TC_LF_005_LoginTest - ... click on 'Login'
23:56:06.912 [main] INFO  testCases.LoginFunctionality_LF.TC_LF_005_LoginTest - ... check the title on the My Account page
23:56:06.912 [main] INFO  testCases.LoginFunctionality_LF.TC_LF_005_LoginTest - ***  END TC_LF_005_LoginTest ***
23:56:12.513 [main] INFO  testCases.LoginFunctionality_LF.TC_LF_006_LoginTest - 
23:56:12.514 [main] INFO  testCases.LoginFunctionality_LF.TC_LF_006_LoginTest - ***  START TC_LF_006_LoginTest ***
23:56:12.514 [main] INFO  testCases.LoginFunctionality_LF.TC_LF_006_LoginTest - ... create Home Page
23:56:12.586 [main] INFO  testCases.LoginFunctionality_LF.TC_LF_006_LoginTest - ... click on 'My account' in navbar
23:56:13.352 [main] INFO  testCases.LoginFunctionality_LF.TC_LF_006_LoginTest - ... click on 'Login'
23:56:13.352 [main] INFO  testCases.LoginFunctionality_LF.TC_LF_006_LoginTest - ... create 'Login' Page
23:56:13.352 [main] INFO  testCases.LoginFunctionality_LF.TC_LF_006_LoginTest - --->   The link 'Forgotten Password' is present on the page   <---
23:56:13.418 [main] INFO  testCases.LoginFunctionality_LF.TC_LF_006_LoginTest - --->   The link 'Forgotten Password' is displayed on the page   <---
23:56:13.974 [main] INFO  testCases.LoginFunctionality_LF.TC_LF_006_LoginTest - ... click on 'Forgotten Password' link
23:56:13.975 [main] INFO  testCases.LoginFunctionality_LF.TC_LF_006_LoginTest - ... create 'Forgotten Password' page
23:56:14.010 [main] INFO  testCases.LoginFunctionality_LF.TC_LF_006_LoginTest - ... checking the page title
23:56:14.010 [main] INFO  testCases.LoginFunctionality_LF.TC_LF_006_LoginTest - ***  END TC_LF_006_LoginTest ***
23:56:18.350 [main] INFO  testCases.LoginFunctionality_LF.TC_LF_007_LoginTest - 
23:56:18.350 [main] INFO  testCases.LoginFunctionality_LF.TC_LF_007_LoginTest - ***  START TC_LF_007_LoginTest ***
23:56:18.351 [main] INFO  testCases.LoginFunctionality_LF.TC_LF_007_LoginTest - ... create Home Page
23:56:18.428 [main] INFO  testCases.LoginFunctionality_LF.TC_LF_007_LoginTest - ... click on 'My account' in navbar
23:56:19.830 [main] INFO  testCases.LoginFunctionality_LF.TC_LF_007_LoginTest - ... click on 'Register'
23:56:19.831 [main] INFO  testCases.LoginFunctionality_LF.TC_LF_007_LoginTest - ... create Account Registration Page
23:56:19.831 [main] INFO  testCases.LoginFunctionality_LF.TC_LF_007_LoginTest - ... generating user data:
23:56:19.831 [main] INFO  testCases.LoginFunctionality_LF.TC_LF_007_LoginTest - first name: UKDMQ
23:56:19.831 [main] INFO  testCases.LoginFunctionality_LF.TC_LF_007_LoginTest - last name: MWVNQ
23:56:19.831 [main] INFO  testCases.LoginFunctionality_LF.TC_LF_007_LoginTest - email: CVvDB@gmail.com
23:56:19.832 [main] INFO  testCases.LoginFunctionality_LF.TC_LF_007_LoginTest - phone number: 5919133626
23:56:19.832 [main] INFO  testCases.LoginFunctionality_LF.TC_LF_007_LoginTest - password: ADwv@817, confirm password: ADwv@817
23:56:19.832 [main] INFO  testCases.LoginFunctionality_LF.TC_LF_007_LoginTest - ... setting user data to the corresponding fields
23:56:20.398 [main] INFO  testCases.LoginFunctionality_LF.TC_LF_007_LoginTest - ... click on 'accept policy rules' 
23:56:21.330 [main] INFO  testCases.LoginFunctionality_LF.TC_LF_007_LoginTest - ... click 'Continue' button
23:56:21.384 [main] INFO  testCases.LoginFunctionality_LF.TC_LF_007_LoginTest - ... click on 'My account' in navbar
23:56:22.279 [main] INFO  testCases.LoginFunctionality_LF.TC_LF_007_LoginTest - ... click on 'Logout'
23:56:22.332 [main] INFO  testCases.LoginFunctionality_LF.TC_LF_007_LoginTest - ... click on 'My account' in navbar
23:56:22.866 [main] INFO  testCases.LoginFunctionality_LF.TC_LF_007_LoginTest - ... click on 'Login'
23:56:23.043 [main] INFO  testCases.LoginFunctionality_LF.TC_LF_007_LoginTest - ... move to email input field by pressing TAB
23:56:23.043 [main] INFO  testCases.LoginFunctionality_LF.TC_LF_007_LoginTest - ... insert valid email address: CVvDB@gmail.com <----
23:56:23.096 [main] INFO  testCases.LoginFunctionality_LF.TC_LF_007_LoginTest - ... move to password input field by pressing TAB
23:56:23.120 [main] INFO  testCases.LoginFunctionality_LF.TC_LF_007_LoginTest - ... insert valid password: ADwv@817 <----
23:56:23.136 [main] INFO  testCases.LoginFunctionality_LF.TC_LF_007_LoginTest - ... move to login button by pressing TAB
23:56:24.138 [main] INFO  testCases.LoginFunctionality_LF.TC_LF_007_LoginTest - ... click on 'Login' button with ENTER
23:56:24.138 [main] INFO  testCases.LoginFunctionality_LF.TC_LF_007_LoginTest - ... create 'My Account' Page
23:56:24.172 [main] INFO  testCases.LoginFunctionality_LF.TC_LF_007_LoginTest - ... check the title on the My Account page
23:56:24.172 [main] INFO  testCases.LoginFunctionality_LF.TC_LF_007_LoginTest - ***  END TC_LF_007_LoginTest ***
