00:01:43.143 [main] INFO  testCases.RegisterFunctionality_RF.TC_RF_010_03_AccountNotCreatedIfEmailIncorrectTest - 
00:01:43.146 [main] INFO  testCases.RegisterFunctionality_RF.TC_RF_010_03_AccountNotCreatedIfEmailIncorrectTest - ***  Starting TC_RF_010_03_AccountNotCreatedIfEmailIncorrectTest ***
00:01:43.158 [main] INFO  testCases.RegisterFunctionality_RF.TC_RF_010_03_AccountNotCreatedIfEmailIncorrectTest - ... create Home Page
00:01:43.249 [main] INFO  testCases.RegisterFunctionality_RF.TC_RF_010_03_AccountNotCreatedIfEmailIncorrectTest - ... click on 'My account' in navbar
00:01:43.963 [main] INFO  testCases.RegisterFunctionality_RF.TC_RF_010_03_AccountNotCreatedIfEmailIncorrectTest - ... click on 'Register'
00:01:43.966 [main] INFO  testCases.RegisterFunctionality_RF.TC_RF_010_03_AccountNotCreatedIfEmailIncorrectTest - ... create Account Registration Page
00:01:43.966 [main] INFO  testCases.RegisterFunctionality_RF.TC_RF_010_03_AccountNotCreatedIfEmailIncorrectTest - ... generating user data:
00:01:43.967 [main] INFO  testCases.RegisterFunctionality_RF.TC_RF_010_03_AccountNotCreatedIfEmailIncorrectTest - first name: ZLTNP
00:01:43.968 [main] INFO  testCases.RegisterFunctionality_RF.TC_RF_010_03_AccountNotCreatedIfEmailIncorrectTest - last name: YNLLT
00:01:43.968 [main] INFO  testCases.RegisterFunctionality_RF.TC_RF_010_03_AccountNotCreatedIfEmailIncorrectTest - email: vJYSj
00:01:43.968 [main] INFO  testCases.RegisterFunctionality_RF.TC_RF_010_03_AccountNotCreatedIfEmailIncorrectTest - phone number: 8645996321
00:01:43.968 [main] INFO  testCases.RegisterFunctionality_RF.TC_RF_010_03_AccountNotCreatedIfEmailIncorrectTest - password: SFOW@756, confirm password: SFOW@756
00:01:43.969 [main] INFO  testCases.RegisterFunctionality_RF.TC_RF_010_03_AccountNotCreatedIfEmailIncorrectTest - ... setting user data to the corresponding fields
00:01:44.529 [main] INFO  testCases.RegisterFunctionality_RF.TC_RF_010_03_AccountNotCreatedIfEmailIncorrectTest - ... click on 'accept policy rules' 
00:01:44.607 [main] INFO  testCases.RegisterFunctionality_RF.TC_RF_010_03_AccountNotCreatedIfEmailIncorrectTest - ... click 'Continue' button
00:01:44.648 [main] INFO  testCases.RegisterFunctionality_RF.TC_RF_010_03_AccountNotCreatedIfEmailIncorrectTest - ... validation message - Please include an '@' in the email address. 'vJYSj' is missing an '@'.
00:01:44.650 [main] INFO  testCases.RegisterFunctionality_RF.TC_RF_010_03_AccountNotCreatedIfEmailIncorrectTest - ***  Finished TC_RF_010_03_AccountNotCreatedIfEmailIncorrectTest ***
00:13:18.233 [main] INFO  testCases.RegisterFunctionality_RF.TC_RF_011_1_AccountRegisterWithInvalidTelNumberTest - 
00:13:18.236 [main] INFO  testCases.RegisterFunctionality_RF.TC_RF_011_1_AccountRegisterWithInvalidTelNumberTest - ***  TC_RF_011_1_AccountRegisterWithInvalidTelNumberTest ***
00:13:18.253 [main] INFO  testCases.RegisterFunctionality_RF.TC_RF_011_1_AccountRegisterWithInvalidTelNumberTest - ... create Home Page
00:13:18.334 [main] INFO  testCases.RegisterFunctionality_RF.TC_RF_011_1_AccountRegisterWithInvalidTelNumberTest - ... click on 'My account' in navbar
00:13:19.005 [main] INFO  testCases.RegisterFunctionality_RF.TC_RF_011_1_AccountRegisterWithInvalidTelNumberTest - ... click on 'Register'
00:13:19.008 [main] INFO  testCases.RegisterFunctionality_RF.TC_RF_011_1_AccountRegisterWithInvalidTelNumberTest - ... create Account Registration Page
00:13:19.009 [main] INFO  testCases.RegisterFunctionality_RF.TC_RF_011_1_AccountRegisterWithInvalidTelNumberTest - ... generating user data:
00:13:19.009 [main] INFO  testCases.RegisterFunctionality_RF.TC_RF_011_1_AccountRegisterWithInvalidTelNumberTest - first name: VXCOH
00:13:19.010 [main] INFO  testCases.RegisterFunctionality_RF.TC_RF_011_1_AccountRegisterWithInvalidTelNumberTest - last name: HXIFC
00:13:19.010 [main] INFO  testCases.RegisterFunctionality_RF.TC_RF_011_1_AccountRegisterWithInvalidTelNumberTest - email: JpdeX@gmail.com
00:13:19.010 [main] INFO  testCases.RegisterFunctionality_RF.TC_RF_011_1_AccountRegisterWithInvalidTelNumberTest - phone number: 5
00:13:19.010 [main] INFO  testCases.RegisterFunctionality_RF.TC_RF_011_1_AccountRegisterWithInvalidTelNumberTest - password: ApwM@495, confirm password: ApwM@495
00:13:19.010 [main] INFO  testCases.RegisterFunctionality_RF.TC_RF_011_1_AccountRegisterWithInvalidTelNumberTest - ... setting user data to the corresponding fields
00:13:19.582 [main] INFO  testCases.RegisterFunctionality_RF.TC_RF_011_1_AccountRegisterWithInvalidTelNumberTest - ... click on 'accept policy rules' 
00:13:19.994 [main] INFO  testCases.RegisterFunctionality_RF.TC_RF_011_1_AccountRegisterWithInvalidTelNumberTest - ... click 'Continue' button
00:13:20.041 [main] INFO  testCases.RegisterFunctionality_RF.TC_RF_011_1_AccountRegisterWithInvalidTelNumberTest - ... validation message - Telephone must be between 3 and 32 characters!
00:13:20.043 [main] INFO  testCases.RegisterFunctionality_RF.TC_RF_011_1_AccountRegisterWithInvalidTelNumberTest - ***  TC_RF_011_1_AccountRegisterWithInvalidTelNumberTest ***
