02:04:36.912 [main] INFO  testCases.LoginFunctionality_LF.TC_LF_012_LoginTest - 
02:04:36.915 [main] INFO  testCases.LoginFunctionality_LF.TC_LF_012_LoginTest - ***  START TC_LF_012_LoginTest ***
02:04:36.931 [main] INFO  testCases.LoginFunctionality_LF.TC_LF_012_LoginTest - ... create Home Page
02:04:37.015 [main] INFO  testCases.LoginFunctionality_LF.TC_LF_012_LoginTest - ... click on 'My account' in navbar
02:04:37.753 [main] INFO  testCases.LoginFunctionality_LF.TC_LF_012_LoginTest - ... click on 'Login'
02:04:37.754 [main] INFO  testCases.LoginFunctionality_LF.TC_LF_012_LoginTest - ... create 'Login' Page
02:04:37.863 [main] INFO  testCases.LoginFunctionality_LF.TC_LF_012_LoginTest - ATTEMPT: 1
02:04:37.863 [main] INFO  testCases.LoginFunctionality_LF.TC_LF_012_LoginTest - ... email stays the same: dRkdS@gmail <----
02:04:37.863 [main] INFO  testCases.LoginFunctionality_LF.TC_LF_012_LoginTest - ... setting wrong password: EIRo@930 <----
02:04:38.668 [main] INFO  testCases.LoginFunctionality_LF.TC_LF_012_LoginTest - ... click on 'Login'
02:04:38.730 [main] INFO  testCases.LoginFunctionality_LF.TC_LF_012_LoginTest - ... clear password input field
02:04:38.730 [main] INFO  testCases.LoginFunctionality_LF.TC_LF_012_LoginTest - ATTEMPT: 2
02:04:38.730 [main] INFO  testCases.LoginFunctionality_LF.TC_LF_012_LoginTest - ... email stays the same: dRkdS@gmail <----
02:04:38.730 [main] INFO  testCases.LoginFunctionality_LF.TC_LF_012_LoginTest - ... setting wrong password: zuRp@676 <----
02:04:39.309 [main] INFO  testCases.LoginFunctionality_LF.TC_LF_012_LoginTest - ... click on 'Login'
02:04:39.365 [main] INFO  testCases.LoginFunctionality_LF.TC_LF_012_LoginTest - ... clear password input field
02:04:39.365 [main] INFO  testCases.LoginFunctionality_LF.TC_LF_012_LoginTest - ATTEMPT: 3
02:04:39.365 [main] INFO  testCases.LoginFunctionality_LF.TC_LF_012_LoginTest - ... email stays the same: dRkdS@gmail <----
02:04:39.365 [main] INFO  testCases.LoginFunctionality_LF.TC_LF_012_LoginTest - ... setting wrong password: Lahx@520 <----
02:04:40.214 [main] INFO  testCases.LoginFunctionality_LF.TC_LF_012_LoginTest - ... click on 'Login'
02:04:40.262 [main] INFO  testCases.LoginFunctionality_LF.TC_LF_012_LoginTest - ... clear password input field
02:04:40.262 [main] INFO  testCases.LoginFunctionality_LF.TC_LF_012_LoginTest - ATTEMPT: 4
02:04:40.263 [main] INFO  testCases.LoginFunctionality_LF.TC_LF_012_LoginTest - ... email stays the same: dRkdS@gmail <----
02:04:40.263 [main] INFO  testCases.LoginFunctionality_LF.TC_LF_012_LoginTest - ... setting wrong password: VzCN@072 <----
02:04:40.840 [main] INFO  testCases.LoginFunctionality_LF.TC_LF_012_LoginTest - ... click on 'Login'
02:04:40.895 [main] INFO  testCases.LoginFunctionality_LF.TC_LF_012_LoginTest - ... clear password input field
02:04:40.895 [main] INFO  testCases.LoginFunctionality_LF.TC_LF_012_LoginTest - ATTEMPT: 5
02:04:40.896 [main] INFO  testCases.LoginFunctionality_LF.TC_LF_012_LoginTest - ... email stays the same: dRkdS@gmail <----
02:04:40.896 [main] INFO  testCases.LoginFunctionality_LF.TC_LF_012_LoginTest - ... setting wrong password: bHmD@836 <----
02:04:41.484 [main] INFO  testCases.LoginFunctionality_LF.TC_LF_012_LoginTest - ... click on 'Login'
02:04:41.538 [main] INFO  testCases.LoginFunctionality_LF.TC_LF_012_LoginTest - ... clear password input field
02:04:51.572 [main] INFO  testCases.LoginFunctionality_LF.TC_LF_012_LoginTest - ... check the title on the My Account page
