07:08:16.497 [main] INFO  testCases.RegisterFunctionality_RF.TC_RF_004_ProperValidationMessagesTest - click on MyAccount
07:08:17.374 [main] INFO  testCases.RegisterFunctionality_RF.TC_RF_004_ProperValidationMessagesTest - click on Register
07:08:17.856 [main] INFO  testCases.RegisterFunctionality_RF.TC_RF_004_ProperValidationMessagesTest - click on Continue without providing any data
07:08:18.028 [main] INFO  testCases.RegisterFunctionality_RF.TC_RF_004_ProperValidationMessagesTest - ***  Finished TC_RF_004_AProperValidationMessagesTest  ***
07:08:21.417 [main] INFO  testCases.RegisterFunctionality_RF.TC_RF_005_AccountRegisterWithYesNewsletterOptionTest - ***  TC_RF_005_AccountRegisterWithYesNewsletterOptionTest ***
07:08:21.500 [main] INFO  testCases.RegisterFunctionality_RF.TC_RF_005_AccountRegisterWithYesNewsletterOptionTest - clicked on Account link
07:08:22.283 [main] INFO  testCases.RegisterFunctionality_RF.TC_RF_005_AccountRegisterWithYesNewsletterOptionTest - clicked on Register link
07:08:22.283 [main] INFO  testCases.RegisterFunctionality_RF.TC_RF_005_AccountRegisterWithYesNewsletterOptionTest - providing customers data
07:08:23.821 [main] INFO  testCases.RegisterFunctionality_RF.TC_RF_005_AccountRegisterWithYesNewsletterOptionTest - clicked on Continue
07:08:24.804 [main] INFO  testCases.RegisterFunctionality_RF.TC_RF_005_AccountRegisterWithYesNewsletterOptionTest - ***  TC_RF_005_AccountRegisterWithYesNewsletterOptionTest ***
07:08:28.170 [main] INFO  testCases.RegisterFunctionality_RF.TC_RF_006_AccountRegisterWithNoNewsletterOptionTest - ***  TC_RF_006_AccountRegisterWithNoNewsletterOptionTest ***
07:08:28.254 [main] INFO  testCases.RegisterFunctionality_RF.TC_RF_006_AccountRegisterWithNoNewsletterOptionTest - clicked on Account link
07:08:29.049 [main] INFO  testCases.RegisterFunctionality_RF.TC_RF_006_AccountRegisterWithNoNewsletterOptionTest - clicked on Register link
07:08:29.049 [main] INFO  testCases.RegisterFunctionality_RF.TC_RF_006_AccountRegisterWithNoNewsletterOptionTest - providing customers data
07:08:30.311 [main] INFO  testCases.RegisterFunctionality_RF.TC_RF_006_AccountRegisterWithNoNewsletterOptionTest - clicked on Continue
07:08:33.222 [main] INFO  testCases.RegisterFunctionality_RF.TC_RF_006_AccountRegisterWithNoNewsletterOptionTest - ***  TC_RF_006_AccountRegisterWithNoNewsletterOptionTest ***
07:08:37.873 [main] INFO  testCases.TC_002_LoginTest - ***  Starting TC_002_LoginTest ***
07:08:37.949 [main] INFO  testCases.TC_002_LoginTest - clicked on Account link
07:08:38.564 [main] INFO  testCases.TC_002_LoginTest - clicked on Login link
07:08:38.565 [main] INFO  testCases.TC_002_LoginTest - providing customers data
07:08:39.405 [main] INFO  testCases.TC_002_LoginTest - clicked on Login link
07:08:39.454 [main] INFO  testCases.TC_002_LoginTest - ***  Finished TC_002_LoginTest ***
07:10:15.395 [main] INFO  testCases.RegisterFunctionality_RF.TC_RF_001_AccountRegisterWithMandatoryFieldsTest - ***  Starting TC_RF_001_AccountRegisterWithMandatoryFieldsTest ***
07:10:15.492 [main] INFO  testCases.RegisterFunctionality_RF.TC_RF_001_AccountRegisterWithMandatoryFieldsTest - clicked on Account link
07:10:16.373 [main] INFO  testCases.RegisterFunctionality_RF.TC_RF_001_AccountRegisterWithMandatoryFieldsTest - clicked on Register link
07:10:16.376 [main] INFO  testCases.RegisterFunctionality_RF.TC_RF_001_AccountRegisterWithMandatoryFieldsTest - providing customers data
07:10:17.665 [main] INFO  testCases.RegisterFunctionality_RF.TC_RF_001_AccountRegisterWithMandatoryFieldsTest - clicked on Continue
07:10:17.705 [main] INFO  testCases.RegisterFunctionality_RF.TC_RF_001_AccountRegisterWithMandatoryFieldsTest - validating expected message
07:10:17.708 [main] INFO  testCases.RegisterFunctionality_RF.TC_RF_001_AccountRegisterWithMandatoryFieldsTest - ***  Finished TC_RF_001_AccountRegisterWithMandatoryFieldsTest ***
07:10:20.897 [main] INFO  testCases.RegisterFunctionality_RF.TC_RF_003_AccountRegisterWithAllFieldsTest - ***  TC_RF_003_AccountRegisterWithAllFieldsTest ***
07:10:20.978 [main] INFO  testCases.RegisterFunctionality_RF.TC_RF_003_AccountRegisterWithAllFieldsTest - clicked on Account link
07:10:21.751 [main] INFO  testCases.RegisterFunctionality_RF.TC_RF_003_AccountRegisterWithAllFieldsTest - clicked on Register link
07:10:21.752 [main] INFO  testCases.RegisterFunctionality_RF.TC_RF_003_AccountRegisterWithAllFieldsTest - providing customers data
07:10:23.104 [main] INFO  testCases.RegisterFunctionality_RF.TC_RF_003_AccountRegisterWithAllFieldsTest - clicked on Continue
07:10:23.143 [main] INFO  testCases.RegisterFunctionality_RF.TC_RF_003_AccountRegisterWithAllFieldsTest - validating expected message
07:10:23.144 [main] INFO  testCases.RegisterFunctionality_RF.TC_RF_003_AccountRegisterWithAllFieldsTest - ***  Finished TC_RF_003_AccountRegisterWithAllFieldsTest ***
07:10:26.451 [main] INFO  testCases.RegisterFunctionality_RF.TC_RF_004_ProperValidationMessagesTest - ****  Starting TC_RF_004_ProperValidationMessagesTest ****
07:10:26.530 [main] INFO  testCases.RegisterFunctionality_RF.TC_RF_004_ProperValidationMessagesTest - click on MyAccount
07:10:27.408 [main] INFO  testCases.RegisterFunctionality_RF.TC_RF_004_ProperValidationMessagesTest - click on Register
07:10:27.841 [main] INFO  testCases.RegisterFunctionality_RF.TC_RF_004_ProperValidationMessagesTest - click on Continue without providing any data
07:10:28.023 [main] INFO  testCases.RegisterFunctionality_RF.TC_RF_004_ProperValidationMessagesTest - ***  Finished TC_RF_004_AProperValidationMessagesTest  ***
07:10:31.751 [main] INFO  testCases.RegisterFunctionality_RF.TC_RF_005_AccountRegisterWithYesNewsletterOptionTest - ***  TC_RF_005_AccountRegisterWithYesNewsletterOptionTest ***
07:10:31.831 [main] INFO  testCases.RegisterFunctionality_RF.TC_RF_005_AccountRegisterWithYesNewsletterOptionTest - clicked on Account link
07:10:32.856 [main] INFO  testCases.RegisterFunctionality_RF.TC_RF_005_AccountRegisterWithYesNewsletterOptionTest - clicked on Register link
07:10:32.857 [main] INFO  testCases.RegisterFunctionality_RF.TC_RF_005_AccountRegisterWithYesNewsletterOptionTest - providing customers data
07:10:34.310 [main] INFO  testCases.RegisterFunctionality_RF.TC_RF_005_AccountRegisterWithYesNewsletterOptionTest - clicked on Continue
07:10:35.341 [main] INFO  testCases.RegisterFunctionality_RF.TC_RF_005_AccountRegisterWithYesNewsletterOptionTest - ***  TC_RF_005_AccountRegisterWithYesNewsletterOptionTest ***
07:10:39.640 [main] INFO  testCases.RegisterFunctionality_RF.TC_RF_006_AccountRegisterWithNoNewsletterOptionTest - ***  TC_RF_006_AccountRegisterWithNoNewsletterOptionTest ***
07:10:39.732 [main] INFO  testCases.RegisterFunctionality_RF.TC_RF_006_AccountRegisterWithNoNewsletterOptionTest - clicked on Account link
07:10:40.836 [main] INFO  testCases.RegisterFunctionality_RF.TC_RF_006_AccountRegisterWithNoNewsletterOptionTest - clicked on Register link
07:10:40.837 [main] INFO  testCases.RegisterFunctionality_RF.TC_RF_006_AccountRegisterWithNoNewsletterOptionTest - providing customers data
07:10:42.071 [main] INFO  testCases.RegisterFunctionality_RF.TC_RF_006_AccountRegisterWithNoNewsletterOptionTest - clicked on Continue
07:10:44.834 [main] INFO  testCases.RegisterFunctionality_RF.TC_RF_006_AccountRegisterWithNoNewsletterOptionTest - ***  TC_RF_006_AccountRegisterWithNoNewsletterOptionTest ***
07:10:50.118 [main] INFO  testCases.TC_002_LoginTest - ***  Starting TC_002_LoginTest ***
07:10:50.194 [main] INFO  testCases.TC_002_LoginTest - clicked on Account link
07:10:50.542 [main] INFO  testCases.TC_002_LoginTest - clicked on Login link
07:10:50.542 [main] INFO  testCases.TC_002_LoginTest - providing customers data
07:10:51.596 [main] INFO  testCases.TC_002_LoginTest - clicked on Login link
07:10:51.642 [main] INFO  testCases.TC_002_LoginTest - ***  Finished TC_002_LoginTest ***
07:17:59.509 [main] INFO  testCases.RegisterFunctionality_RF.TC_RF_001_AccountRegisterWithMandatoryFieldsTest - ***  Starting TC_RF_001_AccountRegisterWithMandatoryFieldsTest ***
07:17:59.607 [main] INFO  testCases.RegisterFunctionality_RF.TC_RF_001_AccountRegisterWithMandatoryFieldsTest - clicked on Account link
07:18:00.427 [main] INFO  testCases.RegisterFunctionality_RF.TC_RF_001_AccountRegisterWithMandatoryFieldsTest - clicked on Register link
07:18:00.430 [main] INFO  testCases.RegisterFunctionality_RF.TC_RF_001_AccountRegisterWithMandatoryFieldsTest - providing customers data
07:18:01.704 [main] INFO  testCases.RegisterFunctionality_RF.TC_RF_001_AccountRegisterWithMandatoryFieldsTest - clicked on Continue
07:18:01.751 [main] INFO  testCases.RegisterFunctionality_RF.TC_RF_001_AccountRegisterWithMandatoryFieldsTest - validating expected message
07:18:01.752 [main] INFO  testCases.RegisterFunctionality_RF.TC_RF_001_AccountRegisterWithMandatoryFieldsTest - ***  Finished TC_RF_001_AccountRegisterWithMandatoryFieldsTest ***
07:18:05.373 [main] INFO  testCases.RegisterFunctionality_RF.TC_RF_003_AccountRegisterWithAllFieldsTest - ***  TC_RF_003_AccountRegisterWithAllFieldsTest ***
07:18:05.452 [main] INFO  testCases.RegisterFunctionality_RF.TC_RF_003_AccountRegisterWithAllFieldsTest - clicked on Account link
07:18:06.596 [main] INFO  testCases.RegisterFunctionality_RF.TC_RF_003_AccountRegisterWithAllFieldsTest - clicked on Register link
07:18:06.596 [main] INFO  testCases.RegisterFunctionality_RF.TC_RF_003_AccountRegisterWithAllFieldsTest - providing customers data
07:18:08.006 [main] INFO  testCases.RegisterFunctionality_RF.TC_RF_003_AccountRegisterWithAllFieldsTest - clicked on Continue
07:18:08.042 [main] INFO  testCases.RegisterFunctionality_RF.TC_RF_003_AccountRegisterWithAllFieldsTest - validating expected message
07:18:08.042 [main] INFO  testCases.RegisterFunctionality_RF.TC_RF_003_AccountRegisterWithAllFieldsTest - ***  Finished TC_RF_003_AccountRegisterWithAllFieldsTest ***
07:18:11.580 [main] INFO  testCases.RegisterFunctionality_RF.TC_RF_004_ProperValidationMessagesTest - ****  Starting TC_RF_004_ProperValidationMessagesTest ****
07:18:11.663 [main] INFO  testCases.RegisterFunctionality_RF.TC_RF_004_ProperValidationMessagesTest - click on MyAccount
07:18:12.512 [main] INFO  testCases.RegisterFunctionality_RF.TC_RF_004_ProperValidationMessagesTest - click on Register
07:18:12.940 [main] INFO  testCases.RegisterFunctionality_RF.TC_RF_004_ProperValidationMessagesTest - click on Continue without providing any data
07:18:13.116 [main] INFO  testCases.RegisterFunctionality_RF.TC_RF_004_ProperValidationMessagesTest - ***  Finished TC_RF_004_AProperValidationMessagesTest  ***
07:18:16.650 [main] INFO  testCases.RegisterFunctionality_RF.TC_RF_005_AccountRegisterWithYesNewsletterOptionTest - ***  TC_RF_005_AccountRegisterWithYesNewsletterOptionTest ***
07:18:16.732 [main] INFO  testCases.RegisterFunctionality_RF.TC_RF_005_AccountRegisterWithYesNewsletterOptionTest - clicked on Account link
07:18:17.665 [main] INFO  testCases.RegisterFunctionality_RF.TC_RF_005_AccountRegisterWithYesNewsletterOptionTest - clicked on Register link
07:18:17.665 [main] INFO  testCases.RegisterFunctionality_RF.TC_RF_005_AccountRegisterWithYesNewsletterOptionTest - providing customers data
07:18:19.105 [main] INFO  testCases.RegisterFunctionality_RF.TC_RF_005_AccountRegisterWithYesNewsletterOptionTest - clicked on Continue
07:18:19.883 [main] INFO  testCases.RegisterFunctionality_RF.TC_RF_005_AccountRegisterWithYesNewsletterOptionTest - ***  TC_RF_005_AccountRegisterWithYesNewsletterOptionTest ***
07:18:24.672 [main] INFO  testCases.RegisterFunctionality_RF.TC_RF_006_AccountRegisterWithNoNewsletterOptionTest - ***  TC_RF_006_AccountRegisterWithNoNewsletterOptionTest ***
07:18:24.750 [main] INFO  testCases.RegisterFunctionality_RF.TC_RF_006_AccountRegisterWithNoNewsletterOptionTest - clicked on Account link
07:18:25.712 [main] INFO  testCases.RegisterFunctionality_RF.TC_RF_006_AccountRegisterWithNoNewsletterOptionTest - clicked on Register link
07:18:25.713 [main] INFO  testCases.RegisterFunctionality_RF.TC_RF_006_AccountRegisterWithNoNewsletterOptionTest - providing customers data
07:18:27.094 [main] INFO  testCases.RegisterFunctionality_RF.TC_RF_006_AccountRegisterWithNoNewsletterOptionTest - clicked on Continue
07:18:34.928 [main] INFO  testCases.TC_002_LoginTest - ***  Starting TC_002_LoginTest ***
07:18:35.055 [main] INFO  testCases.TC_002_LoginTest - clicked on Account link
07:18:35.496 [main] INFO  testCases.TC_002_LoginTest - clicked on Login link
07:18:35.497 [main] INFO  testCases.TC_002_LoginTest - providing customers data
07:18:36.265 [main] INFO  testCases.TC_002_LoginTest - clicked on Login link
07:18:36.358 [main] INFO  testCases.TC_002_LoginTest - ***  Finished TC_002_LoginTest ***
07:21:47.240 [main] INFO  testCases.RegisterFunctionality_RF.TC_RF_001_AccountRegisterWithMandatoryFieldsTest - ***  Starting TC_RF_001_AccountRegisterWithMandatoryFieldsTest ***
07:21:47.344 [main] INFO  testCases.RegisterFunctionality_RF.TC_RF_001_AccountRegisterWithMandatoryFieldsTest - clicked on Account link
07:21:48.401 [main] INFO  testCases.RegisterFunctionality_RF.TC_RF_001_AccountRegisterWithMandatoryFieldsTest - clicked on Register link
07:21:48.404 [main] INFO  testCases.RegisterFunctionality_RF.TC_RF_001_AccountRegisterWithMandatoryFieldsTest - providing customers data
07:21:49.806 [main] INFO  testCases.RegisterFunctionality_RF.TC_RF_001_AccountRegisterWithMandatoryFieldsTest - clicked on Continue
07:21:49.842 [main] INFO  testCases.RegisterFunctionality_RF.TC_RF_001_AccountRegisterWithMandatoryFieldsTest - validating expected message
07:21:49.844 [main] INFO  testCases.RegisterFunctionality_RF.TC_RF_001_AccountRegisterWithMandatoryFieldsTest - ***  Finished TC_RF_001_AccountRegisterWithMandatoryFieldsTest ***
07:21:53.312 [main] INFO  testCases.RegisterFunctionality_RF.TC_RF_003_AccountRegisterWithAllFieldsTest - ***  TC_RF_003_AccountRegisterWithAllFieldsTest ***
07:21:53.392 [main] INFO  testCases.RegisterFunctionality_RF.TC_RF_003_AccountRegisterWithAllFieldsTest - clicked on Account link
07:21:54.158 [main] INFO  testCases.RegisterFunctionality_RF.TC_RF_003_AccountRegisterWithAllFieldsTest - clicked on Register link
07:21:54.159 [main] INFO  testCases.RegisterFunctionality_RF.TC_RF_003_AccountRegisterWithAllFieldsTest - providing customers data
07:21:55.462 [main] INFO  testCases.RegisterFunctionality_RF.TC_RF_003_AccountRegisterWithAllFieldsTest - clicked on Continue
07:21:55.498 [main] INFO  testCases.RegisterFunctionality_RF.TC_RF_003_AccountRegisterWithAllFieldsTest - validating expected message
07:21:55.498 [main] INFO  testCases.RegisterFunctionality_RF.TC_RF_003_AccountRegisterWithAllFieldsTest - ***  Finished TC_RF_003_AccountRegisterWithAllFieldsTest ***
07:21:58.834 [main] INFO  testCases.RegisterFunctionality_RF.TC_RF_004_ProperValidationMessagesTest - ****  Starting TC_RF_004_ProperValidationMessagesTest ****
07:21:58.911 [main] INFO  testCases.RegisterFunctionality_RF.TC_RF_004_ProperValidationMessagesTest - click on MyAccount
07:21:59.765 [main] INFO  testCases.RegisterFunctionality_RF.TC_RF_004_ProperValidationMessagesTest - click on Register
07:22:00.209 [main] INFO  testCases.RegisterFunctionality_RF.TC_RF_004_ProperValidationMessagesTest - click on Continue without providing any data
07:22:00.392 [main] INFO  testCases.RegisterFunctionality_RF.TC_RF_004_ProperValidationMessagesTest - ***  Finished TC_RF_004_AProperValidationMessagesTest  ***
07:22:03.994 [main] INFO  testCases.RegisterFunctionality_RF.TC_RF_005_AccountRegisterWithYesNewsletterOptionTest - ***  TC_RF_005_AccountRegisterWithYesNewsletterOptionTest ***
07:22:04.101 [main] INFO  testCases.RegisterFunctionality_RF.TC_RF_005_AccountRegisterWithYesNewsletterOptionTest - clicked on Account link
07:22:04.989 [main] INFO  testCases.RegisterFunctionality_RF.TC_RF_005_AccountRegisterWithYesNewsletterOptionTest - clicked on Register link
07:22:04.990 [main] INFO  testCases.RegisterFunctionality_RF.TC_RF_005_AccountRegisterWithYesNewsletterOptionTest - providing customers data
07:22:06.518 [main] INFO  testCases.RegisterFunctionality_RF.TC_RF_005_AccountRegisterWithYesNewsletterOptionTest - clicked on Continue
07:22:07.275 [main] INFO  testCases.RegisterFunctionality_RF.TC_RF_005_AccountRegisterWithYesNewsletterOptionTest - ***  TC_RF_005_AccountRegisterWithYesNewsletterOptionTest ***
07:22:11.062 [main] INFO  testCases.RegisterFunctionality_RF.TC_RF_006_AccountRegisterWithNoNewsletterOptionTest - ***  TC_RF_006_AccountRegisterWithNoNewsletterOptionTest ***
07:22:11.137 [main] INFO  testCases.RegisterFunctionality_RF.TC_RF_006_AccountRegisterWithNoNewsletterOptionTest - clicked on Account link
07:22:11.917 [main] INFO  testCases.RegisterFunctionality_RF.TC_RF_006_AccountRegisterWithNoNewsletterOptionTest - clicked on Register link
07:22:11.918 [main] INFO  testCases.RegisterFunctionality_RF.TC_RF_006_AccountRegisterWithNoNewsletterOptionTest - providing customers data
07:22:13.144 [main] INFO  testCases.RegisterFunctionality_RF.TC_RF_006_AccountRegisterWithNoNewsletterOptionTest - clicked on Continue
07:22:15.905 [main] INFO  testCases.RegisterFunctionality_RF.TC_RF_006_AccountRegisterWithNoNewsletterOptionTest - ***  TC_RF_006_AccountRegisterWithNoNewsletterOptionTest ***
07:22:20.806 [main] INFO  testCases.TC_002_LoginTest - ***  Starting TC_002_LoginTest ***
07:22:20.880 [main] INFO  testCases.TC_002_LoginTest - clicked on Account link
07:22:21.241 [main] INFO  testCases.TC_002_LoginTest - clicked on Login link
07:22:21.242 [main] INFO  testCases.TC_002_LoginTest - providing customers data
07:22:22.105 [main] INFO  testCases.TC_002_LoginTest - clicked on Login link
07:22:22.145 [main] INFO  testCases.TC_002_LoginTest - ***  Finished TC_002_LoginTest ***
07:25:04.492 [main] INFO  testCases.RegisterFunctionality_RF.TC_RF_001_AccountRegisterWithMandatoryFieldsTest - ***  Starting TC_RF_001_AccountRegisterWithMandatoryFieldsTest ***
07:25:04.595 [main] INFO  testCases.RegisterFunctionality_RF.TC_RF_001_AccountRegisterWithMandatoryFieldsTest - clicked on Account link
07:25:05.624 [main] INFO  testCases.RegisterFunctionality_RF.TC_RF_001_AccountRegisterWithMandatoryFieldsTest - clicked on Register link
07:25:05.627 [main] INFO  testCases.RegisterFunctionality_RF.TC_RF_001_AccountRegisterWithMandatoryFieldsTest - providing customers data
07:25:07.745 [main] INFO  testCases.RegisterFunctionality_RF.TC_RF_001_AccountRegisterWithMandatoryFieldsTest - clicked on Continue
07:25:07.780 [main] INFO  testCases.RegisterFunctionality_RF.TC_RF_001_AccountRegisterWithMandatoryFieldsTest - validating expected message
07:25:07.782 [main] INFO  testCases.RegisterFunctionality_RF.TC_RF_001_AccountRegisterWithMandatoryFieldsTest - ***  Finished TC_RF_001_AccountRegisterWithMandatoryFieldsTest ***
07:25:12.945 [main] INFO  testCases.RegisterFunctionality_RF.TC_RF_003_AccountRegisterWithAllFieldsTest - ***  TC_RF_003_AccountRegisterWithAllFieldsTest ***
07:25:13.020 [main] INFO  testCases.RegisterFunctionality_RF.TC_RF_003_AccountRegisterWithAllFieldsTest - clicked on Account link
07:25:14.207 [main] INFO  testCases.RegisterFunctionality_RF.TC_RF_003_AccountRegisterWithAllFieldsTest - clicked on Register link
07:25:14.208 [main] INFO  testCases.RegisterFunctionality_RF.TC_RF_003_AccountRegisterWithAllFieldsTest - providing customers data
07:25:15.743 [main] INFO  testCases.RegisterFunctionality_RF.TC_RF_003_AccountRegisterWithAllFieldsTest - clicked on Continue
07:25:15.778 [main] INFO  testCases.RegisterFunctionality_RF.TC_RF_003_AccountRegisterWithAllFieldsTest - validating expected message
07:25:15.778 [main] INFO  testCases.RegisterFunctionality_RF.TC_RF_003_AccountRegisterWithAllFieldsTest - ***  Finished TC_RF_003_AccountRegisterWithAllFieldsTest ***
07:25:19.642 [main] INFO  testCases.RegisterFunctionality_RF.TC_RF_004_ProperValidationMessagesTest - ****  Starting TC_RF_004_ProperValidationMessagesTest ****
07:25:19.715 [main] INFO  testCases.RegisterFunctionality_RF.TC_RF_004_ProperValidationMessagesTest - click on MyAccount
07:25:20.984 [main] INFO  testCases.RegisterFunctionality_RF.TC_RF_004_ProperValidationMessagesTest - click on Register
07:25:21.440 [main] INFO  testCases.RegisterFunctionality_RF.TC_RF_004_ProperValidationMessagesTest - click on Continue without providing any data
07:25:21.623 [main] INFO  testCases.RegisterFunctionality_RF.TC_RF_004_ProperValidationMessagesTest - ***  Finished TC_RF_004_AProperValidationMessagesTest  ***
07:25:25.049 [main] INFO  testCases.RegisterFunctionality_RF.TC_RF_005_AccountRegisterWithYesNewsletterOptionTest - ***  TC_RF_005_AccountRegisterWithYesNewsletterOptionTest ***
07:25:25.133 [main] INFO  testCases.RegisterFunctionality_RF.TC_RF_005_AccountRegisterWithYesNewsletterOptionTest - clicked on Account link
07:25:26.203 [main] INFO  testCases.RegisterFunctionality_RF.TC_RF_005_AccountRegisterWithYesNewsletterOptionTest - clicked on Register link
07:25:26.204 [main] INFO  testCases.RegisterFunctionality_RF.TC_RF_005_AccountRegisterWithYesNewsletterOptionTest - providing customers data
07:25:27.740 [main] INFO  testCases.RegisterFunctionality_RF.TC_RF_005_AccountRegisterWithYesNewsletterOptionTest - clicked on Continue
07:25:28.992 [main] INFO  testCases.RegisterFunctionality_RF.TC_RF_005_AccountRegisterWithYesNewsletterOptionTest - ***  TC_RF_005_AccountRegisterWithYesNewsletterOptionTest ***
07:25:33.953 [main] INFO  testCases.RegisterFunctionality_RF.TC_RF_006_AccountRegisterWithNoNewsletterOptionTest - ***  TC_RF_006_AccountRegisterWithNoNewsletterOptionTest ***
07:25:34.026 [main] INFO  testCases.RegisterFunctionality_RF.TC_RF_006_AccountRegisterWithNoNewsletterOptionTest - clicked on Account link
07:25:35.119 [main] INFO  testCases.RegisterFunctionality_RF.TC_RF_006_AccountRegisterWithNoNewsletterOptionTest - clicked on Register link
07:25:35.120 [main] INFO  testCases.RegisterFunctionality_RF.TC_RF_006_AccountRegisterWithNoNewsletterOptionTest - providing customers data
07:25:36.372 [main] INFO  testCases.RegisterFunctionality_RF.TC_RF_006_AccountRegisterWithNoNewsletterOptionTest - clicked on Continue
07:25:39.347 [main] INFO  testCases.RegisterFunctionality_RF.TC_RF_006_AccountRegisterWithNoNewsletterOptionTest - ***  TC_RF_006_AccountRegisterWithNoNewsletterOptionTest ***
07:25:44.378 [main] INFO  testCases.TC_002_LoginTest - ***  Starting TC_002_LoginTest ***
07:25:44.453 [main] INFO  testCases.TC_002_LoginTest - clicked on Account link
07:25:44.809 [main] INFO  testCases.TC_002_LoginTest - clicked on Login link
07:25:44.810 [main] INFO  testCases.TC_002_LoginTest - providing customers data
07:25:45.862 [main] INFO  testCases.TC_002_LoginTest - clicked on Login link
07:25:45.900 [main] INFO  testCases.TC_002_LoginTest - ***  Finished TC_002_LoginTest ***
