08:00:17.741 [main] INFO  testCases.RegisterFunctionality_RF.TC_RF_001_AccountRegisterWithMandatoryFieldsTest - ***  Starting TC_RF_001_AccountRegisterWithMandatoryFieldsTest ***
08:00:17.836 [main] INFO  testCases.RegisterFunctionality_RF.TC_RF_001_AccountRegisterWithMandatoryFieldsTest - clicked on Account link
08:00:18.887 [main] INFO  testCases.RegisterFunctionality_RF.TC_RF_001_AccountRegisterWithMandatoryFieldsTest - clicked on Register link
08:00:18.892 [main] INFO  testCases.RegisterFunctionality_RF.TC_RF_001_AccountRegisterWithMandatoryFieldsTest - providing customers data
08:00:20.150 [main] INFO  testCases.RegisterFunctionality_RF.TC_RF_001_AccountRegisterWithMandatoryFieldsTest - clicked on Continue
08:00:20.185 [main] INFO  testCases.RegisterFunctionality_RF.TC_RF_001_AccountRegisterWithMandatoryFieldsTest - validating expected message
08:00:20.187 [main] INFO  testCases.RegisterFunctionality_RF.TC_RF_001_AccountRegisterWithMandatoryFieldsTest - ***  Finished TC_RF_001_AccountRegisterWithMandatoryFieldsTest ***
08:00:23.560 [main] INFO  testCases.RegisterFunctionality_RF.TC_RF_003_AccountRegisterWithAllFieldsTest - ***  TC_RF_003_AccountRegisterWithAllFieldsTest ***
08:00:23.634 [main] INFO  testCases.RegisterFunctionality_RF.TC_RF_003_AccountRegisterWithAllFieldsTest - clicked on Account link
08:00:24.724 [main] INFO  testCases.RegisterFunctionality_RF.TC_RF_003_AccountRegisterWithAllFieldsTest - clicked on Register link
08:00:24.725 [main] INFO  testCases.RegisterFunctionality_RF.TC_RF_003_AccountRegisterWithAllFieldsTest - providing customers data
08:00:26.264 [main] INFO  testCases.RegisterFunctionality_RF.TC_RF_003_AccountRegisterWithAllFieldsTest - clicked on Continue
08:00:26.300 [main] INFO  testCases.RegisterFunctionality_RF.TC_RF_003_AccountRegisterWithAllFieldsTest - validating expected message
08:00:26.300 [main] INFO  testCases.RegisterFunctionality_RF.TC_RF_003_AccountRegisterWithAllFieldsTest - ***  Finished TC_RF_003_AccountRegisterWithAllFieldsTest ***
08:00:29.717 [main] INFO  testCases.RegisterFunctionality_RF.TC_RF_004_ProperValidationMessagesTest - ****  Starting TC_RF_004_ProperValidationMessagesTest ****
08:00:29.791 [main] INFO  testCases.RegisterFunctionality_RF.TC_RF_004_ProperValidationMessagesTest - click on MyAccount
08:00:30.561 [main] INFO  testCases.RegisterFunctionality_RF.TC_RF_004_ProperValidationMessagesTest - click on Register
08:00:31.184 [main] INFO  testCases.RegisterFunctionality_RF.TC_RF_004_ProperValidationMessagesTest - click on Continue without providing any data
08:00:31.354 [main] INFO  testCases.RegisterFunctionality_RF.TC_RF_004_ProperValidationMessagesTest - ***  Finished TC_RF_004_AProperValidationMessagesTest  ***
08:00:35.554 [main] INFO  testCases.RegisterFunctionality_RF.TC_RF_005_AccountRegisterWithYesNewsletterOptionTest - ***  TC_RF_005_AccountRegisterWithYesNewsletterOptionTest ***
08:00:35.710 [main] INFO  testCases.RegisterFunctionality_RF.TC_RF_005_AccountRegisterWithYesNewsletterOptionTest - clicked on Account link
08:00:36.701 [main] INFO  testCases.RegisterFunctionality_RF.TC_RF_005_AccountRegisterWithYesNewsletterOptionTest - clicked on Register link
08:00:36.703 [main] INFO  testCases.RegisterFunctionality_RF.TC_RF_005_AccountRegisterWithYesNewsletterOptionTest - providing customers data
08:00:38.217 [main] INFO  testCases.RegisterFunctionality_RF.TC_RF_005_AccountRegisterWithYesNewsletterOptionTest - clicked on Continue
08:00:39.191 [main] INFO  testCases.RegisterFunctionality_RF.TC_RF_005_AccountRegisterWithYesNewsletterOptionTest - ***  TC_RF_005_AccountRegisterWithYesNewsletterOptionTest ***
08:00:44.455 [main] INFO  testCases.RegisterFunctionality_RF.TC_RF_006_AccountRegisterWithNoNewsletterOptionTest - ***  TC_RF_006_AccountRegisterWithNoNewsletterOptionTest ***
08:00:44.527 [main] INFO  testCases.RegisterFunctionality_RF.TC_RF_006_AccountRegisterWithNoNewsletterOptionTest - clicked on Account link
08:00:45.611 [main] INFO  testCases.RegisterFunctionality_RF.TC_RF_006_AccountRegisterWithNoNewsletterOptionTest - clicked on Register link
08:00:45.612 [main] INFO  testCases.RegisterFunctionality_RF.TC_RF_006_AccountRegisterWithNoNewsletterOptionTest - providing customers data
08:00:47.149 [main] INFO  testCases.RegisterFunctionality_RF.TC_RF_006_AccountRegisterWithNoNewsletterOptionTest - clicked on Continue
08:00:50.084 [main] INFO  testCases.RegisterFunctionality_RF.TC_RF_006_AccountRegisterWithNoNewsletterOptionTest - ***  TC_RF_006_AccountRegisterWithNoNewsletterOptionTest ***
08:00:55.208 [main] INFO  testCases.RegisterFunctionality_RF.TC_RF_007_AccountRegisterNewCustomerTest - ****  starting TC_RF_007_AccountRegisterNewCustomerTest  ****
08:00:57.321 [main] INFO  testCases.RegisterFunctionality_RF.TC_RF_007_AccountRegisterNewCustomerTest - ***  Finished TC_RF_007_AccountRegisterNewCustomerTest ***
08:01:01.050 [main] INFO  testCases.TC_002_LoginTest - ***  Starting TC_002_LoginTest ***
08:01:01.126 [main] INFO  testCases.TC_002_LoginTest - clicked on Account link
08:01:01.496 [main] INFO  testCases.TC_002_LoginTest - clicked on Login link
08:01:01.496 [main] INFO  testCases.TC_002_LoginTest - providing customers data
08:01:02.511 [main] INFO  testCases.TC_002_LoginTest - clicked on Login link
08:01:02.550 [main] INFO  testCases.TC_002_LoginTest - ***  Finished TC_002_LoginTest ***
08:01:51.435 [main] INFO  testCases.RegisterFunctionality_RF.TC_RF_001_AccountRegisterWithMandatoryFieldsTest - ***  Starting TC_RF_001_AccountRegisterWithMandatoryFieldsTest ***
08:01:51.530 [main] INFO  testCases.RegisterFunctionality_RF.TC_RF_001_AccountRegisterWithMandatoryFieldsTest - clicked on Account link
08:01:52.588 [main] INFO  testCases.RegisterFunctionality_RF.TC_RF_001_AccountRegisterWithMandatoryFieldsTest - clicked on Register link
08:01:52.591 [main] INFO  testCases.RegisterFunctionality_RF.TC_RF_001_AccountRegisterWithMandatoryFieldsTest - providing customers data
08:01:54.125 [main] INFO  testCases.RegisterFunctionality_RF.TC_RF_001_AccountRegisterWithMandatoryFieldsTest - clicked on Continue
08:01:54.164 [main] INFO  testCases.RegisterFunctionality_RF.TC_RF_001_AccountRegisterWithMandatoryFieldsTest - validating expected message
08:01:54.167 [main] INFO  testCases.RegisterFunctionality_RF.TC_RF_001_AccountRegisterWithMandatoryFieldsTest - ***  Finished TC_RF_001_AccountRegisterWithMandatoryFieldsTest ***
08:01:59.635 [main] INFO  testCases.RegisterFunctionality_RF.TC_RF_003_AccountRegisterWithAllFieldsTest - ***  TC_RF_003_AccountRegisterWithAllFieldsTest ***
08:01:59.776 [main] INFO  testCases.RegisterFunctionality_RF.TC_RF_003_AccountRegisterWithAllFieldsTest - clicked on Account link
08:02:00.650 [main] INFO  testCases.RegisterFunctionality_RF.TC_RF_003_AccountRegisterWithAllFieldsTest - clicked on Register link
08:02:00.651 [main] INFO  testCases.RegisterFunctionality_RF.TC_RF_003_AccountRegisterWithAllFieldsTest - providing customers data
08:02:02.085 [main] INFO  testCases.RegisterFunctionality_RF.TC_RF_003_AccountRegisterWithAllFieldsTest - clicked on Continue
08:02:02.120 [main] INFO  testCases.RegisterFunctionality_RF.TC_RF_003_AccountRegisterWithAllFieldsTest - validating expected message
08:02:02.120 [main] INFO  testCases.RegisterFunctionality_RF.TC_RF_003_AccountRegisterWithAllFieldsTest - ***  Finished TC_RF_003_AccountRegisterWithAllFieldsTest ***
08:02:05.673 [main] INFO  testCases.RegisterFunctionality_RF.TC_RF_004_ProperValidationMessagesTest - ****  Starting TC_RF_004_ProperValidationMessagesTest ****
08:02:05.749 [main] INFO  testCases.RegisterFunctionality_RF.TC_RF_004_ProperValidationMessagesTest - click on MyAccount
08:02:07.022 [main] INFO  testCases.RegisterFunctionality_RF.TC_RF_004_ProperValidationMessagesTest - click on Register
08:02:07.651 [main] INFO  testCases.RegisterFunctionality_RF.TC_RF_004_ProperValidationMessagesTest - click on Continue without providing any data
08:02:07.826 [main] INFO  testCases.RegisterFunctionality_RF.TC_RF_004_ProperValidationMessagesTest - ***  Finished TC_RF_004_AProperValidationMessagesTest  ***
08:02:11.704 [main] INFO  testCases.RegisterFunctionality_RF.TC_RF_005_AccountRegisterWithYesNewsletterOptionTest - ***  TC_RF_005_AccountRegisterWithYesNewsletterOptionTest ***
08:02:11.782 [main] INFO  testCases.RegisterFunctionality_RF.TC_RF_005_AccountRegisterWithYesNewsletterOptionTest - clicked on Account link
08:02:12.856 [main] INFO  testCases.RegisterFunctionality_RF.TC_RF_005_AccountRegisterWithYesNewsletterOptionTest - clicked on Register link
08:02:12.857 [main] INFO  testCases.RegisterFunctionality_RF.TC_RF_005_AccountRegisterWithYesNewsletterOptionTest - providing customers data
08:02:14.396 [main] INFO  testCases.RegisterFunctionality_RF.TC_RF_005_AccountRegisterWithYesNewsletterOptionTest - clicked on Continue
08:02:15.359 [main] INFO  testCases.RegisterFunctionality_RF.TC_RF_005_AccountRegisterWithYesNewsletterOptionTest - ***  TC_RF_005_AccountRegisterWithYesNewsletterOptionTest ***
08:02:19.877 [main] INFO  testCases.RegisterFunctionality_RF.TC_RF_006_AccountRegisterWithNoNewsletterOptionTest - ***  TC_RF_006_AccountRegisterWithNoNewsletterOptionTest ***
08:02:19.951 [main] INFO  testCases.RegisterFunctionality_RF.TC_RF_006_AccountRegisterWithNoNewsletterOptionTest - clicked on Account link
08:02:21.154 [main] INFO  testCases.RegisterFunctionality_RF.TC_RF_006_AccountRegisterWithNoNewsletterOptionTest - clicked on Register link
08:02:21.155 [main] INFO  testCases.RegisterFunctionality_RF.TC_RF_006_AccountRegisterWithNoNewsletterOptionTest - providing customers data
08:02:22.382 [main] INFO  testCases.RegisterFunctionality_RF.TC_RF_006_AccountRegisterWithNoNewsletterOptionTest - clicked on Continue
08:02:25.411 [main] INFO  testCases.RegisterFunctionality_RF.TC_RF_006_AccountRegisterWithNoNewsletterOptionTest - ***  TC_RF_006_AccountRegisterWithNoNewsletterOptionTest ***
08:02:30.130 [main] INFO  testCases.RegisterFunctionality_RF.TC_RF_007_AccountRegisterNewCustomerTest - ****  starting TC_RF_007_AccountRegisterNewCustomerTest  ****
08:02:31.942 [main] INFO  testCases.RegisterFunctionality_RF.TC_RF_007_AccountRegisterNewCustomerTest - ***  Finished TC_RF_007_AccountRegisterNewCustomerTest ***
08:02:35.362 [main] INFO  testCases.TC_002_LoginTest - ***  Starting TC_002_LoginTest ***
08:02:35.437 [main] INFO  testCases.TC_002_LoginTest - clicked on Account link
08:02:35.812 [main] INFO  testCases.TC_002_LoginTest - clicked on Login link
08:02:35.813 [main] INFO  testCases.TC_002_LoginTest - providing customers data
08:02:36.799 [main] INFO  testCases.TC_002_LoginTest - clicked on Login link
08:02:36.839 [main] INFO  testCases.TC_002_LoginTest - ***  Finished TC_002_LoginTest ***
