06:16:44.693 [main] INFO  testCases.RegisterFunctionality_RF.TC_RF_023_9_AccountRegisterHeaderValidationTest - 
06:16:44.697 [main] INFO  testCases.RegisterFunctionality_RF.TC_RF_023_9_AccountRegisterHeaderValidationTest - ***  TC_RF_023_9_AccountRegisterHeaderValidationTest ***
06:16:44.718 [main] INFO  testCases.RegisterFunctionality_RF.TC_RF_023_9_AccountRegisterHeaderValidationTest - ... create Home Page
06:16:44.848 [main] INFO  testCases.RegisterFunctionality_RF.TC_RF_023_9_AccountRegisterHeaderValidationTest - ... click on 'My account' in navbar
06:16:45.693 [main] INFO  testCases.RegisterFunctionality_RF.TC_RF_023_9_AccountRegisterHeaderValidationTest - ... click on 'Register'
06:16:45.702 [main] INFO  testCases.RegisterFunctionality_RF.TC_RF_023_9_AccountRegisterHeaderValidationTest - ... create Account Registration Page
06:16:45.857 [main] INFO  testCases.RegisterFunctionality_RF.TC_RF_023_9_AccountRegisterHeaderValidationTest - ... perform hover over Desktops option
06:16:45.997 [main] INFO  testCases.RegisterFunctionality_RF.TC_RF_023_9_AccountRegisterHeaderValidationTest - ... perform hover over Show AllDesktops option
06:16:48.890 [main] INFO  testCases.RegisterFunctionality_RF.TC_RF_023_9_AccountRegisterHeaderValidationTest - ... click on 'Show AllDesktops'
06:16:48.891 [main] INFO  testCases.RegisterFunctionality_RF.TC_RF_023_9_AccountRegisterHeaderValidationTest - ... create Desktop Page
06:16:48.927 [main] INFO  testCases.RegisterFunctionality_RF.TC_RF_023_9_AccountRegisterHeaderValidationTest - ***  TC_RF_023_9_AccountRegisterHeaderValidationTest ***
06:29:35.150 [main] INFO  testCases.RegisterFunctionality_RF.TC_RF_023_10_AccountRegisterHeaderValidationTest - 
06:29:35.154 [main] INFO  testCases.RegisterFunctionality_RF.TC_RF_023_10_AccountRegisterHeaderValidationTest - ***  TC_RF_023_10_AccountRegisterHeaderValidationTest ***
06:29:35.182 [main] INFO  testCases.RegisterFunctionality_RF.TC_RF_023_10_AccountRegisterHeaderValidationTest - ... create Home Page
06:29:35.287 [main] INFO  testCases.RegisterFunctionality_RF.TC_RF_023_10_AccountRegisterHeaderValidationTest - ... click on 'My account' in navbar
06:29:36.118 [main] INFO  testCases.RegisterFunctionality_RF.TC_RF_023_10_AccountRegisterHeaderValidationTest - ... click on 'Register'
06:29:36.123 [main] INFO  testCases.RegisterFunctionality_RF.TC_RF_023_10_AccountRegisterHeaderValidationTest - ... create Account Registration Page
06:29:36.310 [main] INFO  testCases.RegisterFunctionality_RF.TC_RF_023_10_AccountRegisterHeaderValidationTest - ... perform hover over Laptops & Notebooks option
06:29:36.449 [main] INFO  testCases.RegisterFunctionality_RF.TC_RF_023_10_AccountRegisterHeaderValidationTest - ... perform hover over Show AllLaptops & Notebooks option
06:29:37.184 [main] INFO  testCases.RegisterFunctionality_RF.TC_RF_023_10_AccountRegisterHeaderValidationTest - ... click on 'Show AllLaptops & Notebooks'
06:29:37.185 [main] INFO  testCases.RegisterFunctionality_RF.TC_RF_023_10_AccountRegisterHeaderValidationTest - ... create Desktop Page
06:29:37.218 [main] INFO  testCases.RegisterFunctionality_RF.TC_RF_023_10_AccountRegisterHeaderValidationTest - ***  TC_RF_023_10_AccountRegisterHeaderValidationTest ***
06:57:52.486 [main] INFO  testCases.RegisterFunctionality_RF.TC_RF_023_11_AccountRegisterHeaderValidationTest - 
06:57:52.492 [main] INFO  testCases.RegisterFunctionality_RF.TC_RF_023_11_AccountRegisterHeaderValidationTest - ***  TC_RF_023_10_AccountRegisterHeaderValidationTest ***
06:57:52.511 [main] INFO  testCases.RegisterFunctionality_RF.TC_RF_023_11_AccountRegisterHeaderValidationTest - ... create Home Page
06:57:52.644 [main] INFO  testCases.RegisterFunctionality_RF.TC_RF_023_11_AccountRegisterHeaderValidationTest - ... click on 'My account' in navbar
06:57:53.532 [main] INFO  testCases.RegisterFunctionality_RF.TC_RF_023_11_AccountRegisterHeaderValidationTest - ... click on 'Register'
06:57:53.542 [main] INFO  testCases.RegisterFunctionality_RF.TC_RF_023_11_AccountRegisterHeaderValidationTest - ... create Account Registration Page
06:57:53.700 [main] INFO  testCases.RegisterFunctionality_RF.TC_RF_023_11_AccountRegisterHeaderValidationTest - ... perform hover over 'Components' option
06:57:53.839 [main] INFO  testCases.RegisterFunctionality_RF.TC_RF_023_11_AccountRegisterHeaderValidationTest - ... perform hover over 'Show AllComponents' option
06:57:54.584 [main] INFO  testCases.RegisterFunctionality_RF.TC_RF_023_11_AccountRegisterHeaderValidationTest - ... click on 'Show AllComponents'
06:57:54.587 [main] INFO  testCases.RegisterFunctionality_RF.TC_RF_023_11_AccountRegisterHeaderValidationTest - ... create Components Page
06:57:54.625 [main] INFO  testCases.RegisterFunctionality_RF.TC_RF_023_11_AccountRegisterHeaderValidationTest - ***  TC_RF_023_10_AccountRegisterHeaderValidationTest ***
07:06:36.996 [main] INFO  testCases.RegisterFunctionality_RF.TC_RF_023_12_AccountRegisterHeaderValidationTest - 
07:06:36.998 [main] INFO  testCases.RegisterFunctionality_RF.TC_RF_023_12_AccountRegisterHeaderValidationTest - ***  TC_RF_023_12_AccountRegisterHeaderValidationTest ***
07:06:37.016 [main] INFO  testCases.RegisterFunctionality_RF.TC_RF_023_12_AccountRegisterHeaderValidationTest - ... create Home Page
07:06:37.114 [main] INFO  testCases.RegisterFunctionality_RF.TC_RF_023_12_AccountRegisterHeaderValidationTest - ... click on 'My account' in navbar
07:06:38.225 [main] INFO  testCases.RegisterFunctionality_RF.TC_RF_023_12_AccountRegisterHeaderValidationTest - ... click on 'Register'
07:06:38.231 [main] INFO  testCases.RegisterFunctionality_RF.TC_RF_023_12_AccountRegisterHeaderValidationTest - ... create Account Registration Page
07:06:38.934 [main] INFO  testCases.RegisterFunctionality_RF.TC_RF_023_12_AccountRegisterHeaderValidationTest - ... click on 'Tablets'
07:06:38.935 [main] INFO  testCases.RegisterFunctionality_RF.TC_RF_023_12_AccountRegisterHeaderValidationTest - ... create Tablets Page
07:06:38.978 [main] INFO  testCases.RegisterFunctionality_RF.TC_RF_023_12_AccountRegisterHeaderValidationTest - ***  TC_RF_023_12_AccountRegisterHeaderValidationTest ***
07:15:00.598 [main] INFO  testCases.RegisterFunctionality_RF.TC_RF_023_13_AccountRegisterHeaderValidationTest - 
07:15:00.601 [main] INFO  testCases.RegisterFunctionality_RF.TC_RF_023_13_AccountRegisterHeaderValidationTest - ***  START TC_RF_023_13_AccountRegisterHeaderValidationTest ***
07:15:00.625 [main] INFO  testCases.RegisterFunctionality_RF.TC_RF_023_13_AccountRegisterHeaderValidationTest - ... create Home Page
07:15:00.721 [main] INFO  testCases.RegisterFunctionality_RF.TC_RF_023_13_AccountRegisterHeaderValidationTest - ... click on 'My account' in navbar
07:15:01.568 [main] INFO  testCases.RegisterFunctionality_RF.TC_RF_023_13_AccountRegisterHeaderValidationTest - ... click on 'Register'
07:15:01.574 [main] INFO  testCases.RegisterFunctionality_RF.TC_RF_023_13_AccountRegisterHeaderValidationTest - ... create Account Registration Page
07:15:02.274 [main] INFO  testCases.RegisterFunctionality_RF.TC_RF_023_13_AccountRegisterHeaderValidationTest - ... click on 'Software'
07:15:02.275 [main] INFO  testCases.RegisterFunctionality_RF.TC_RF_023_13_AccountRegisterHeaderValidationTest - ... create Software Page
07:15:02.312 [main] INFO  testCases.RegisterFunctionality_RF.TC_RF_023_13_AccountRegisterHeaderValidationTest - ***  END TC_RF_023_13_AccountRegisterHeaderValidationTest ***
07:23:39.236 [main] INFO  testCases.RegisterFunctionality_RF.TC_RF_023_14_AccountRegisterHeaderValidationTest - 
07:23:39.239 [main] INFO  testCases.RegisterFunctionality_RF.TC_RF_023_14_AccountRegisterHeaderValidationTest - ***  START TC_RF_023_14_AccountRegisterHeaderValidationTest ***
07:23:39.257 [main] INFO  testCases.RegisterFunctionality_RF.TC_RF_023_14_AccountRegisterHeaderValidationTest - ... create Home Page
07:23:39.338 [main] INFO  testCases.RegisterFunctionality_RF.TC_RF_023_14_AccountRegisterHeaderValidationTest - ... click on 'My account' in navbar
07:23:40.155 [main] INFO  testCases.RegisterFunctionality_RF.TC_RF_023_14_AccountRegisterHeaderValidationTest - ... click on 'Register'
07:23:40.164 [main] INFO  testCases.RegisterFunctionality_RF.TC_RF_023_14_AccountRegisterHeaderValidationTest - ... create Account Registration Page
07:23:41.168 [main] INFO  testCases.RegisterFunctionality_RF.TC_RF_023_14_AccountRegisterHeaderValidationTest - ... click on 'Phones & PDAs'
07:23:41.170 [main] INFO  testCases.RegisterFunctionality_RF.TC_RF_023_14_AccountRegisterHeaderValidationTest - ... create 'Phones and PDAs' Page
07:23:41.203 [main] INFO  testCases.RegisterFunctionality_RF.TC_RF_023_14_AccountRegisterHeaderValidationTest - ***  END TC_RF_023_14_AccountRegisterHeaderValidationTest ***
07:43:15.749 [main] INFO  testCases.RegisterFunctionality_RF.TC_RF_023_15_AccountRegisterHeaderValidationTest - 
07:43:15.752 [main] INFO  testCases.RegisterFunctionality_RF.TC_RF_023_15_AccountRegisterHeaderValidationTest - ***  START TC_RF_023_15_AccountRegisterHeaderValidationTest ***
07:43:15.770 [main] INFO  testCases.RegisterFunctionality_RF.TC_RF_023_15_AccountRegisterHeaderValidationTest - ... create Home Page
07:43:15.861 [main] INFO  testCases.RegisterFunctionality_RF.TC_RF_023_15_AccountRegisterHeaderValidationTest - ... click on 'My account' in navbar
07:43:16.672 [main] INFO  testCases.RegisterFunctionality_RF.TC_RF_023_15_AccountRegisterHeaderValidationTest - ... click on 'Register'
07:43:16.679 [main] INFO  testCases.RegisterFunctionality_RF.TC_RF_023_15_AccountRegisterHeaderValidationTest - ... create Account Registration Page
07:43:17.404 [main] INFO  testCases.RegisterFunctionality_RF.TC_RF_023_15_AccountRegisterHeaderValidationTest - ... click on 'Cameras'
07:43:17.406 [main] INFO  testCases.RegisterFunctionality_RF.TC_RF_023_15_AccountRegisterHeaderValidationTest - ... create 'Cameras' Page
07:43:17.443 [main] INFO  testCases.RegisterFunctionality_RF.TC_RF_023_15_AccountRegisterHeaderValidationTest - ***  END TC_RF_023_15_AccountRegisterHeaderValidationTest ***
08:00:40.476 [main] INFO  testCases.RegisterFunctionality_RF.TC_RF_023_16_AccountRegisterHeaderValidationTest - 
08:00:40.483 [main] INFO  testCases.RegisterFunctionality_RF.TC_RF_023_16_AccountRegisterHeaderValidationTest - ***  START TC_RF_023_16_AccountRegisterHeaderValidationTest ***
08:00:40.502 [main] INFO  testCases.RegisterFunctionality_RF.TC_RF_023_16_AccountRegisterHeaderValidationTest - ... create Home Page
08:00:40.615 [main] INFO  testCases.RegisterFunctionality_RF.TC_RF_023_16_AccountRegisterHeaderValidationTest - ... click on 'My account' in navbar
08:00:41.405 [main] INFO  testCases.RegisterFunctionality_RF.TC_RF_023_16_AccountRegisterHeaderValidationTest - ... click on 'Register'
08:00:41.412 [main] INFO  testCases.RegisterFunctionality_RF.TC_RF_023_16_AccountRegisterHeaderValidationTest - ... create Account Registration Page
08:00:42.513 [main] INFO  testCases.RegisterFunctionality_RF.TC_RF_023_16_AccountRegisterHeaderValidationTest - ***  END TC_RF_023_16_AccountRegisterHeaderValidationTest ***
17:26:07.524 [main] INFO  testCases.RegisterFunctionality_RF.TC_RF_023_17_AccountRegisterHeaderValidationTest - 
17:26:07.532 [main] INFO  testCases.RegisterFunctionality_RF.TC_RF_023_17_AccountRegisterHeaderValidationTest - ***  START TC_RF_023_17_AccountRegisterHeaderValidationTest ***
17:26:07.559 [main] INFO  testCases.RegisterFunctionality_RF.TC_RF_023_17_AccountRegisterHeaderValidationTest - ... create Home Page
17:26:07.703 [main] INFO  testCases.RegisterFunctionality_RF.TC_RF_023_17_AccountRegisterHeaderValidationTest - ... click on 'My account' in navbar
17:26:10.007 [main] INFO  testCases.RegisterFunctionality_RF.TC_RF_023_17_AccountRegisterHeaderValidationTest - ... click on 'Register'
17:26:10.019 [main] INFO  testCases.RegisterFunctionality_RF.TC_RF_023_17_AccountRegisterHeaderValidationTest - ... create Account Registration Page
17:26:10.611 [main] INFO  testCases.RegisterFunctionality_RF.TC_RF_023_17_AccountRegisterHeaderValidationTest - ... click on 'Login' on the right side menu
17:26:49.378 [main] INFO  testCases.RegisterFunctionality_RF.TC_RF_023_17_AccountRegisterHeaderValidationTest - 
17:26:49.389 [main] INFO  testCases.RegisterFunctionality_RF.TC_RF_023_17_AccountRegisterHeaderValidationTest - ***  START TC_RF_023_17_AccountRegisterHeaderValidationTest ***
17:26:49.428 [main] INFO  testCases.RegisterFunctionality_RF.TC_RF_023_17_AccountRegisterHeaderValidationTest - ... create Home Page
17:26:49.561 [main] INFO  testCases.RegisterFunctionality_RF.TC_RF_023_17_AccountRegisterHeaderValidationTest - ... click on 'My account' in navbar
17:26:50.505 [main] INFO  testCases.RegisterFunctionality_RF.TC_RF_023_17_AccountRegisterHeaderValidationTest - ... click on 'Register'
17:26:50.513 [main] INFO  testCases.RegisterFunctionality_RF.TC_RF_023_17_AccountRegisterHeaderValidationTest - ... create Account Registration Page
17:26:51.021 [main] INFO  testCases.RegisterFunctionality_RF.TC_RF_023_17_AccountRegisterHeaderValidationTest - ... click on 'Login' on the right side menu
17:26:51.084 [main] INFO  testCases.RegisterFunctionality_RF.TC_RF_023_17_AccountRegisterHeaderValidationTest - ***  END TC_RF_023_17_AccountRegisterHeaderValidationTest ***
17:47:51.122 [main] INFO  testCases.RegisterFunctionality_RF.TC_RF_023_18_AccountRegisterHeaderValidationTest - 
17:47:51.127 [main] INFO  testCases.RegisterFunctionality_RF.TC_RF_023_18_AccountRegisterHeaderValidationTest - ***  START TC_RF_023_18_AccountRegisterHeaderValidationTest ***
17:47:51.153 [main] INFO  testCases.RegisterFunctionality_RF.TC_RF_023_18_AccountRegisterHeaderValidationTest - ... create Home Page
17:47:51.267 [main] INFO  testCases.RegisterFunctionality_RF.TC_RF_023_18_AccountRegisterHeaderValidationTest - ... click on 'My account' in navbar
17:47:52.123 [main] INFO  testCases.RegisterFunctionality_RF.TC_RF_023_18_AccountRegisterHeaderValidationTest - ... click on 'Register'
17:47:52.139 [main] INFO  testCases.RegisterFunctionality_RF.TC_RF_023_18_AccountRegisterHeaderValidationTest - ... create Account Registration Page
17:47:52.716 [main] INFO  testCases.RegisterFunctionality_RF.TC_RF_023_18_AccountRegisterHeaderValidationTest - ... click on 'Register' on the right side menu
17:47:52.779 [main] INFO  testCases.RegisterFunctionality_RF.TC_RF_023_18_AccountRegisterHeaderValidationTest - ***  END TC_RF_023_18_AccountRegisterHeaderValidationTest ***
18:05:52.332 [main] INFO  testCases.RegisterFunctionality_RF.TC_RF_023_19_AccountRegisterHeaderValidationTest - 
18:05:52.338 [main] INFO  testCases.RegisterFunctionality_RF.TC_RF_023_19_AccountRegisterHeaderValidationTest - ***  START TC_RF_023_19_AccountRegisterHeaderValidationTest ***
18:05:52.362 [main] INFO  testCases.RegisterFunctionality_RF.TC_RF_023_19_AccountRegisterHeaderValidationTest - ... create Home Page
18:05:52.474 [main] INFO  testCases.RegisterFunctionality_RF.TC_RF_023_19_AccountRegisterHeaderValidationTest - ... click on 'My account' in navbar
18:05:53.407 [main] INFO  testCases.RegisterFunctionality_RF.TC_RF_023_19_AccountRegisterHeaderValidationTest - ... click on 'Register'
18:05:53.416 [main] INFO  testCases.RegisterFunctionality_RF.TC_RF_023_19_AccountRegisterHeaderValidationTest - ... create Account Registration Page
18:05:54.064 [main] INFO  testCases.RegisterFunctionality_RF.TC_RF_023_19_AccountRegisterHeaderValidationTest - ... click on 'Forgotten Password' on the right side menu
18:05:54.067 [main] INFO  testCases.RegisterFunctionality_RF.TC_RF_023_19_AccountRegisterHeaderValidationTest - ... create 'Forgotten Password' page
18:05:54.125 [main] INFO  testCases.RegisterFunctionality_RF.TC_RF_023_19_AccountRegisterHeaderValidationTest - ***  END TC_RF_023_19_AccountRegisterHeaderValidationTest ***
18:22:21.667 [main] INFO  testCases.RegisterFunctionality_RF.TC_RF_023_20_AccountRegisterHeaderValidationTest - 
18:22:21.676 [main] INFO  testCases.RegisterFunctionality_RF.TC_RF_023_20_AccountRegisterHeaderValidationTest - ***  START TC_RF_023_20_AccountRegisterHeaderValidationTest ***
18:22:21.709 [main] INFO  testCases.RegisterFunctionality_RF.TC_RF_023_20_AccountRegisterHeaderValidationTest - ... create Home Page
18:22:21.867 [main] INFO  testCases.RegisterFunctionality_RF.TC_RF_023_20_AccountRegisterHeaderValidationTest - ... click on 'My account' in navbar
18:22:23.984 [main] INFO  testCases.RegisterFunctionality_RF.TC_RF_023_20_AccountRegisterHeaderValidationTest - ... click on 'Register'
18:22:23.993 [main] INFO  testCases.RegisterFunctionality_RF.TC_RF_023_20_AccountRegisterHeaderValidationTest - ... create Account Registration Page
18:22:25.045 [main] INFO  testCases.RegisterFunctionality_RF.TC_RF_023_20_AccountRegisterHeaderValidationTest - ... click on 'My Account' on the right side menu
18:22:25.167 [main] INFO  testCases.RegisterFunctionality_RF.TC_RF_023_20_AccountRegisterHeaderValidationTest - ***  END TC_RF_023_20_AccountRegisterHeaderValidationTest ***
18:34:17.755 [main] INFO  testCases.RegisterFunctionality_RF.TC_RF_023_21_AccountRegisterHeaderValidationTest - 
18:34:17.757 [main] INFO  testCases.RegisterFunctionality_RF.TC_RF_023_21_AccountRegisterHeaderValidationTest - ***  START TC_RF_023_21_AccountRegisterHeaderValidationTest ***
18:34:17.782 [main] INFO  testCases.RegisterFunctionality_RF.TC_RF_023_21_AccountRegisterHeaderValidationTest - ... create Home Page
18:34:17.886 [main] INFO  testCases.RegisterFunctionality_RF.TC_RF_023_21_AccountRegisterHeaderValidationTest - ... click on 'My account' in navbar
18:34:18.806 [main] INFO  testCases.RegisterFunctionality_RF.TC_RF_023_21_AccountRegisterHeaderValidationTest - ... click on 'Register'
18:34:18.818 [main] INFO  testCases.RegisterFunctionality_RF.TC_RF_023_21_AccountRegisterHeaderValidationTest - ... create Account Registration Page
18:34:19.656 [main] INFO  testCases.RegisterFunctionality_RF.TC_RF_023_21_AccountRegisterHeaderValidationTest - ... click on 'Address Book' on the right side menu
18:34:19.745 [main] INFO  testCases.RegisterFunctionality_RF.TC_RF_023_21_AccountRegisterHeaderValidationTest - ***  END TC_RF_023_21_AccountRegisterHeaderValidationTest ***
18:45:56.567 [main] INFO  testCases.RegisterFunctionality_RF.TC_RF_023_22_AccountRegisterHeaderValidationTest - 
18:45:56.571 [main] INFO  testCases.RegisterFunctionality_RF.TC_RF_023_22_AccountRegisterHeaderValidationTest - ***  START TC_RF_023_22_AccountRegisterHeaderValidationTest ***
18:45:56.610 [main] INFO  testCases.RegisterFunctionality_RF.TC_RF_023_22_AccountRegisterHeaderValidationTest - ... create Home Page
18:45:56.956 [main] INFO  testCases.RegisterFunctionality_RF.TC_RF_023_22_AccountRegisterHeaderValidationTest - ... click on 'My account' in navbar
18:45:57.949 [main] INFO  testCases.RegisterFunctionality_RF.TC_RF_023_22_AccountRegisterHeaderValidationTest - ... click on 'Register'
18:45:57.959 [main] INFO  testCases.RegisterFunctionality_RF.TC_RF_023_22_AccountRegisterHeaderValidationTest - ... create Account Registration Page
18:45:58.912 [main] INFO  testCases.RegisterFunctionality_RF.TC_RF_023_22_AccountRegisterHeaderValidationTest - ... click on 'Wish List' on the right side menu
18:45:59.002 [main] INFO  testCases.RegisterFunctionality_RF.TC_RF_023_22_AccountRegisterHeaderValidationTest - ***  END TC_RF_023_22_AccountRegisterHeaderValidationTest ***
19:03:57.509 [main] INFO  testCases.RegisterFunctionality_RF.TC_RF_023_23_AccountRegisterHeaderValidationTest - 
19:03:57.520 [main] INFO  testCases.RegisterFunctionality_RF.TC_RF_023_23_AccountRegisterHeaderValidationTest - ***  START TC_RF_023_23_AccountRegisterHeaderValidationTest ***
19:03:57.550 [main] INFO  testCases.RegisterFunctionality_RF.TC_RF_023_23_AccountRegisterHeaderValidationTest - ... create Home Page
19:03:57.669 [main] INFO  testCases.RegisterFunctionality_RF.TC_RF_023_23_AccountRegisterHeaderValidationTest - ... click on 'My account' in navbar
19:03:58.893 [main] INFO  testCases.RegisterFunctionality_RF.TC_RF_023_23_AccountRegisterHeaderValidationTest - ... click on 'Register'
19:03:58.902 [main] INFO  testCases.RegisterFunctionality_RF.TC_RF_023_23_AccountRegisterHeaderValidationTest - ... create Account Registration Page
19:03:59.931 [main] INFO  testCases.RegisterFunctionality_RF.TC_RF_023_23_AccountRegisterHeaderValidationTest - ... click on 'Order History' on the right side menu
19:03:59.990 [main] INFO  testCases.RegisterFunctionality_RF.TC_RF_023_23_AccountRegisterHeaderValidationTest - ***  END TC_RF_023_23_AccountRegisterHeaderValidationTest ***
19:11:11.686 [main] INFO  testCases.RegisterFunctionality_RF.TC_RF_023_24_AccountRegisterHeaderValidationTest - 
19:11:11.699 [main] INFO  testCases.RegisterFunctionality_RF.TC_RF_023_24_AccountRegisterHeaderValidationTest - ***  START TC_RF_023_24_AccountRegisterHeaderValidationTest ***
19:11:11.730 [main] INFO  testCases.RegisterFunctionality_RF.TC_RF_023_24_AccountRegisterHeaderValidationTest - ... create Home Page
19:11:11.832 [main] INFO  testCases.RegisterFunctionality_RF.TC_RF_023_24_AccountRegisterHeaderValidationTest - ... click on 'My account' in navbar
19:11:12.721 [main] INFO  testCases.RegisterFunctionality_RF.TC_RF_023_24_AccountRegisterHeaderValidationTest - ... click on 'Register'
19:11:12.735 [main] INFO  testCases.RegisterFunctionality_RF.TC_RF_023_24_AccountRegisterHeaderValidationTest - ... create Account Registration Page
19:11:13.594 [main] INFO  testCases.RegisterFunctionality_RF.TC_RF_023_24_AccountRegisterHeaderValidationTest - ... click on 'Downloads' on the right side menu
19:11:13.646 [main] INFO  testCases.RegisterFunctionality_RF.TC_RF_023_24_AccountRegisterHeaderValidationTest - ***  END TC_RF_023_24_AccountRegisterHeaderValidationTest ***
19:17:26.666 [main] INFO  testCases.RegisterFunctionality_RF.TC_RF_023_25_AccountRegisterHeaderValidationTest - 
19:17:26.674 [main] INFO  testCases.RegisterFunctionality_RF.TC_RF_023_25_AccountRegisterHeaderValidationTest - ***  START TC_RF_023_25_AccountRegisterHeaderValidationTest ***
19:17:26.701 [main] INFO  testCases.RegisterFunctionality_RF.TC_RF_023_25_AccountRegisterHeaderValidationTest - ... create Home Page
19:17:26.810 [main] INFO  testCases.RegisterFunctionality_RF.TC_RF_023_25_AccountRegisterHeaderValidationTest - ... click on 'My account' in navbar
19:17:29.147 [main] INFO  testCases.RegisterFunctionality_RF.TC_RF_023_25_AccountRegisterHeaderValidationTest - ... click on 'Register'
19:17:29.156 [main] INFO  testCases.RegisterFunctionality_RF.TC_RF_023_25_AccountRegisterHeaderValidationTest - ... create Account Registration Page
19:17:30.147 [main] INFO  testCases.RegisterFunctionality_RF.TC_RF_023_25_AccountRegisterHeaderValidationTest - ... click on 'Recurring Payments' on the right side menu
19:17:30.224 [main] INFO  testCases.RegisterFunctionality_RF.TC_RF_023_25_AccountRegisterHeaderValidationTest - ***  END TC_RF_023_25_AccountRegisterHeaderValidationTest ***
19:46:44.766 [main] INFO  testCases.RegisterFunctionality_RF.TC_RF_023_26_AccountRegisterHeaderValidationTest - 
19:46:44.773 [main] INFO  testCases.RegisterFunctionality_RF.TC_RF_023_26_AccountRegisterHeaderValidationTest - ***  START TC_RF_023_26_AccountRegisterHeaderValidationTest ***
19:46:44.798 [main] INFO  testCases.RegisterFunctionality_RF.TC_RF_023_26_AccountRegisterHeaderValidationTest - ... create Home Page
19:46:44.979 [main] INFO  testCases.RegisterFunctionality_RF.TC_RF_023_26_AccountRegisterHeaderValidationTest - ... click on 'My account' in navbar
19:46:45.937 [main] INFO  testCases.RegisterFunctionality_RF.TC_RF_023_26_AccountRegisterHeaderValidationTest - ... click on 'Register'
19:46:45.944 [main] INFO  testCases.RegisterFunctionality_RF.TC_RF_023_26_AccountRegisterHeaderValidationTest - ... create Account Registration Page
19:46:46.843 [main] INFO  testCases.RegisterFunctionality_RF.TC_RF_023_26_AccountRegisterHeaderValidationTest - ... click on 'Reward Points' on the right side menu
19:46:46.903 [main] INFO  testCases.RegisterFunctionality_RF.TC_RF_023_26_AccountRegisterHeaderValidationTest - ***  END TC_RF_023_26_AccountRegisterHeaderValidationTest ***
19:54:00.060 [main] INFO  testCases.RegisterFunctionality_RF.TC_RF_023_27_AccountRegisterHeaderValidationTest - 
19:54:00.064 [main] INFO  testCases.RegisterFunctionality_RF.TC_RF_023_27_AccountRegisterHeaderValidationTest - ***  START TC_RF_023_27_AccountRegisterHeaderValidationTest ***
19:54:00.086 [main] INFO  testCases.RegisterFunctionality_RF.TC_RF_023_27_AccountRegisterHeaderValidationTest - ... create Home Page
19:54:00.222 [main] INFO  testCases.RegisterFunctionality_RF.TC_RF_023_27_AccountRegisterHeaderValidationTest - ... click on 'My account' in navbar
19:54:02.304 [main] INFO  testCases.RegisterFunctionality_RF.TC_RF_023_27_AccountRegisterHeaderValidationTest - ... click on 'Register'
19:54:02.315 [main] INFO  testCases.RegisterFunctionality_RF.TC_RF_023_27_AccountRegisterHeaderValidationTest - ... create Account Registration Page
19:54:03.196 [main] INFO  testCases.RegisterFunctionality_RF.TC_RF_023_27_AccountRegisterHeaderValidationTest - ... click on 'Returns' on the right side menu
19:54:03.278 [main] INFO  testCases.RegisterFunctionality_RF.TC_RF_023_27_AccountRegisterHeaderValidationTest - ***  END TC_RF_023_27_AccountRegisterHeaderValidationTest ***
19:59:04.576 [main] INFO  testCases.RegisterFunctionality_RF.TC_RF_023_28_AccountRegisterHeaderValidationTest - 
19:59:04.579 [main] INFO  testCases.RegisterFunctionality_RF.TC_RF_023_28_AccountRegisterHeaderValidationTest - ***  START TC_RF_023_28_AccountRegisterHeaderValidationTest ***
19:59:04.612 [main] INFO  testCases.RegisterFunctionality_RF.TC_RF_023_28_AccountRegisterHeaderValidationTest - ... create Home Page
19:59:04.873 [main] INFO  testCases.RegisterFunctionality_RF.TC_RF_023_28_AccountRegisterHeaderValidationTest - ... click on 'My account' in navbar
19:59:05.850 [main] INFO  testCases.RegisterFunctionality_RF.TC_RF_023_28_AccountRegisterHeaderValidationTest - ... click on 'Register'
19:59:05.859 [main] INFO  testCases.RegisterFunctionality_RF.TC_RF_023_28_AccountRegisterHeaderValidationTest - ... create Account Registration Page
19:59:06.728 [main] INFO  testCases.RegisterFunctionality_RF.TC_RF_023_28_AccountRegisterHeaderValidationTest - ... click on 'Transactions' on the right side menu
19:59:06.782 [main] INFO  testCases.RegisterFunctionality_RF.TC_RF_023_28_AccountRegisterHeaderValidationTest - ***  END TC_RF_023_28_AccountRegisterHeaderValidationTest ***
20:03:25.365 [main] INFO  testCases.RegisterFunctionality_RF.TC_RF_023_29_AccountRegisterHeaderValidationTest - 
20:03:25.368 [main] INFO  testCases.RegisterFunctionality_RF.TC_RF_023_29_AccountRegisterHeaderValidationTest - ***  START TC_RF_023_29_AccountRegisterHeaderValidationTest ***
20:03:25.395 [main] INFO  testCases.RegisterFunctionality_RF.TC_RF_023_29_AccountRegisterHeaderValidationTest - ... create Home Page
20:03:25.506 [main] INFO  testCases.RegisterFunctionality_RF.TC_RF_023_29_AccountRegisterHeaderValidationTest - ... click on 'My account' in navbar
20:03:26.445 [main] INFO  testCases.RegisterFunctionality_RF.TC_RF_023_29_AccountRegisterHeaderValidationTest - ... click on 'Register'
20:03:26.463 [main] INFO  testCases.RegisterFunctionality_RF.TC_RF_023_29_AccountRegisterHeaderValidationTest - ... create Account Registration Page
20:03:27.282 [main] INFO  testCases.RegisterFunctionality_RF.TC_RF_023_29_AccountRegisterHeaderValidationTest - ... click on 'Newsletter' on the right side menu
20:03:27.366 [main] INFO  testCases.RegisterFunctionality_RF.TC_RF_023_29_AccountRegisterHeaderValidationTest - ***  END TC_RF_023_29_AccountRegisterHeaderValidationTest ***
20:15:32.925 [main] INFO  testCases.RegisterFunctionality_RF.TC_RF_023_30_AccountRegisterFooterValidationTest - 
20:15:32.930 [main] INFO  testCases.RegisterFunctionality_RF.TC_RF_023_30_AccountRegisterFooterValidationTest - ***  START TC_RF_023_30_AccountRegisterFooterValidationTest ***
20:15:32.956 [main] INFO  testCases.RegisterFunctionality_RF.TC_RF_023_30_AccountRegisterFooterValidationTest - ... create Home Page
20:15:33.062 [main] INFO  testCases.RegisterFunctionality_RF.TC_RF_023_30_AccountRegisterFooterValidationTest - ... click on 'My account' in navbar
20:15:34.215 [main] INFO  testCases.RegisterFunctionality_RF.TC_RF_023_30_AccountRegisterFooterValidationTest - ... click on 'Register'
20:15:34.225 [main] INFO  testCases.RegisterFunctionality_RF.TC_RF_023_30_AccountRegisterFooterValidationTest - ... create Account Registration Page
20:15:34.795 [main] INFO  testCases.RegisterFunctionality_RF.TC_RF_023_30_AccountRegisterFooterValidationTest - ... click on 'About Us' on footer
20:15:34.847 [main] INFO  testCases.RegisterFunctionality_RF.TC_RF_023_30_AccountRegisterFooterValidationTest - ***  END TC_RF_023_30_AccountRegisterFooterValidationTest ***
21:05:37.709 [main] INFO  testCases.RegisterFunctionality_RF.TC_RF_023_31_AccountRegisterFooterValidationTest - 
21:05:37.712 [main] INFO  testCases.RegisterFunctionality_RF.TC_RF_023_31_AccountRegisterFooterValidationTest - ***  START TC_RF_023_31_AccountRegisterFooterValidationTest ***
21:05:37.730 [main] INFO  testCases.RegisterFunctionality_RF.TC_RF_023_31_AccountRegisterFooterValidationTest - ... create Home Page
21:05:37.826 [main] INFO  testCases.RegisterFunctionality_RF.TC_RF_023_31_AccountRegisterFooterValidationTest - ... click on 'My account' in navbar
21:05:38.706 [main] INFO  testCases.RegisterFunctionality_RF.TC_RF_023_31_AccountRegisterFooterValidationTest - ... click on 'Register'
21:05:38.711 [main] INFO  testCases.RegisterFunctionality_RF.TC_RF_023_31_AccountRegisterFooterValidationTest - ... create Account Registration Page
21:05:39.166 [main] INFO  testCases.RegisterFunctionality_RF.TC_RF_023_31_AccountRegisterFooterValidationTest - ... click on 'Delivery Information' on footer
21:05:39.208 [main] INFO  testCases.RegisterFunctionality_RF.TC_RF_023_31_AccountRegisterFooterValidationTest - ***  END TC_RF_023_31_AccountRegisterFooterValidationTest ***
21:13:22.603 [main] INFO  testCases.RegisterFunctionality_RF.TC_RF_023_32_AccountRegisterFooterValidationTest - 
21:13:22.611 [main] INFO  testCases.RegisterFunctionality_RF.TC_RF_023_32_AccountRegisterFooterValidationTest - ***  START TC_RF_023_32_AccountRegisterFooterValidationTest ***
21:13:22.630 [main] INFO  testCases.RegisterFunctionality_RF.TC_RF_023_32_AccountRegisterFooterValidationTest - ... create Home Page
21:13:22.737 [main] INFO  testCases.RegisterFunctionality_RF.TC_RF_023_32_AccountRegisterFooterValidationTest - ... click on 'My account' in navbar
21:13:23.576 [main] INFO  testCases.RegisterFunctionality_RF.TC_RF_023_32_AccountRegisterFooterValidationTest - ... click on 'Register'
21:13:23.581 [main] INFO  testCases.RegisterFunctionality_RF.TC_RF_023_32_AccountRegisterFooterValidationTest - ... create Account Registration Page
21:13:24.246 [main] INFO  testCases.RegisterFunctionality_RF.TC_RF_023_32_AccountRegisterFooterValidationTest - ... click on 'Privacy Policy' on footer
21:13:24.281 [main] INFO  testCases.RegisterFunctionality_RF.TC_RF_023_32_AccountRegisterFooterValidationTest - ***  END TC_RF_023_32_AccountRegisterFooterValidationTest ***
21:25:01.119 [main] INFO  testCases.RegisterFunctionality_RF.TC_RF_023_33_AccountRegisterFooterValidationTest - 
21:25:01.123 [main] INFO  testCases.RegisterFunctionality_RF.TC_RF_023_33_AccountRegisterFooterValidationTest - ***  START TC_RF_023_33_AccountRegisterFooterValidationTest ***
21:25:01.140 [main] INFO  testCases.RegisterFunctionality_RF.TC_RF_023_33_AccountRegisterFooterValidationTest - ... create Home Page
21:25:01.248 [main] INFO  testCases.RegisterFunctionality_RF.TC_RF_023_33_AccountRegisterFooterValidationTest - ... click on 'My account' in navbar
21:25:02.064 [main] INFO  testCases.RegisterFunctionality_RF.TC_RF_023_33_AccountRegisterFooterValidationTest - ... click on 'Register'
21:25:02.070 [main] INFO  testCases.RegisterFunctionality_RF.TC_RF_023_33_AccountRegisterFooterValidationTest - ... create Account Registration Page
21:25:02.515 [main] INFO  testCases.RegisterFunctionality_RF.TC_RF_023_33_AccountRegisterFooterValidationTest - ... click on 'Terms and Conditions' on footer
21:25:36.221 [main] INFO  testCases.RegisterFunctionality_RF.TC_RF_023_33_AccountRegisterFooterValidationTest - 
21:25:36.225 [main] INFO  testCases.RegisterFunctionality_RF.TC_RF_023_33_AccountRegisterFooterValidationTest - ***  START TC_RF_023_33_AccountRegisterFooterValidationTest ***
21:25:36.245 [main] INFO  testCases.RegisterFunctionality_RF.TC_RF_023_33_AccountRegisterFooterValidationTest - ... create Home Page
21:25:36.345 [main] INFO  testCases.RegisterFunctionality_RF.TC_RF_023_33_AccountRegisterFooterValidationTest - ... click on 'My account' in navbar
21:25:37.154 [main] INFO  testCases.RegisterFunctionality_RF.TC_RF_023_33_AccountRegisterFooterValidationTest - ... click on 'Register'
21:25:37.166 [main] INFO  testCases.RegisterFunctionality_RF.TC_RF_023_33_AccountRegisterFooterValidationTest - ... create Account Registration Page
21:25:37.627 [main] INFO  testCases.RegisterFunctionality_RF.TC_RF_023_33_AccountRegisterFooterValidationTest - ... click on 'Terms and Conditions' on footer
21:26:22.111 [main] INFO  testCases.RegisterFunctionality_RF.TC_RF_023_33_AccountRegisterFooterValidationTest - 
21:26:22.115 [main] INFO  testCases.RegisterFunctionality_RF.TC_RF_023_33_AccountRegisterFooterValidationTest - ***  START TC_RF_023_33_AccountRegisterFooterValidationTest ***
21:26:22.131 [main] INFO  testCases.RegisterFunctionality_RF.TC_RF_023_33_AccountRegisterFooterValidationTest - ... create Home Page
21:26:22.222 [main] INFO  testCases.RegisterFunctionality_RF.TC_RF_023_33_AccountRegisterFooterValidationTest - ... click on 'My account' in navbar
21:26:23.083 [main] INFO  testCases.RegisterFunctionality_RF.TC_RF_023_33_AccountRegisterFooterValidationTest - ... click on 'Register'
21:26:23.088 [main] INFO  testCases.RegisterFunctionality_RF.TC_RF_023_33_AccountRegisterFooterValidationTest - ... create Account Registration Page
21:26:23.536 [main] INFO  testCases.RegisterFunctionality_RF.TC_RF_023_33_AccountRegisterFooterValidationTest - ... click on 'Terms & Conditions' on footer
21:26:23.572 [main] INFO  testCases.RegisterFunctionality_RF.TC_RF_023_33_AccountRegisterFooterValidationTest - ***  END TC_RF_023_33_AccountRegisterFooterValidationTest ***
