01:11:18.223 [main] INFO  testCases.HomePageFunctionality_HP.TC_HP_001_HomePageTest - 
01:11:18.226 [main] INFO  testCases.HomePageFunctionality_HP.TC_HP_001_HomePageTest - ***  START TC_HP_001_HomePageTest ***
01:11:18.241 [main] INFO  testCases.HomePageFunctionality_HP.TC_HP_001_HomePageTest - ... create Home Page
01:11:29.619 [main] INFO  testCases.HomePageFunctionality_HP.TC_HP_001_HomePageTest - !! TEST FAILED !!
01:13:22.252 [main] INFO  testCases.HomePageFunctionality_HP.TC_HP_001_HomePageTest - 
01:13:22.258 [main] INFO  testCases.HomePageFunctionality_HP.TC_HP_001_HomePageTest - ***  START TC_HP_001_HomePageTest ***
01:13:22.280 [main] INFO  testCases.HomePageFunctionality_HP.TC_HP_001_HomePageTest - ... create Home Page
01:13:34.339 [main] INFO  testCases.HomePageFunctionality_HP.TC_HP_001_HomePageTest - !! TEST FAILED !!
01:15:49.583 [main] INFO  testCases.HomePageFunctionality_HP.TC_HP_001_HomePageTest - 
01:15:49.586 [main] INFO  testCases.HomePageFunctionality_HP.TC_HP_001_HomePageTest - ***  START TC_HP_001_HomePageTest ***
01:15:49.605 [main] INFO  testCases.HomePageFunctionality_HP.TC_HP_001_HomePageTest - ... create Home Page
01:15:52.650 [main] INFO  testCases.HomePageFunctionality_HP.TC_HP_001_HomePageTest - ***  END TC_HP_001_HomePageTest ***
03:02:38.915 [main] INFO  testCases.HomePageFunctionality_HP.TC_HP_002_HomePageTest - 
03:02:38.918 [main] INFO  testCases.HomePageFunctionality_HP.TC_HP_002_HomePageTest - ***  START TC_HP_002_HomePageTest ***
03:02:38.935 [main] INFO  testCases.HomePageFunctionality_HP.TC_HP_002_HomePageTest - ... create Home Page
03:02:39.053 [main] INFO  testCases.HomePageFunctionality_HP.TC_HP_002_HomePageTest - ... click on 'My account' in navbar
03:02:40.146 [main] INFO  testCases.HomePageFunctionality_HP.TC_HP_002_HomePageTest - ... click on 'Register'
03:02:40.152 [main] INFO  testCases.HomePageFunctionality_HP.TC_HP_002_HomePageTest - ... create Account Registration Page
03:02:40.152 [main] INFO  testCases.HomePageFunctionality_HP.TC_HP_002_HomePageTest - ... generating user data:
03:02:40.154 [main] INFO  testCases.HomePageFunctionality_HP.TC_HP_002_HomePageTest - first name: UTZXB
03:02:40.154 [main] INFO  testCases.HomePageFunctionality_HP.TC_HP_002_HomePageTest - last name: QHCZJ
03:02:40.154 [main] INFO  testCases.HomePageFunctionality_HP.TC_HP_002_HomePageTest - email: mFliV@gmail.com
03:02:40.154 [main] INFO  testCases.HomePageFunctionality_HP.TC_HP_002_HomePageTest - phone number: 8073972938
03:02:40.155 [main] INFO  testCases.HomePageFunctionality_HP.TC_HP_002_HomePageTest - password: YKmv@604, confirm password: YKmv@604
03:02:40.155 [main] INFO  testCases.HomePageFunctionality_HP.TC_HP_002_HomePageTest - ... setting user data to the corresponding fields
03:02:40.759 [main] INFO  testCases.HomePageFunctionality_HP.TC_HP_002_HomePageTest - ... click on 'accept policy rules' 
03:02:41.623 [main] INFO  testCases.HomePageFunctionality_HP.TC_HP_002_HomePageTest - ... click 'Continue' button
03:02:41.631 [main] INFO  testCases.HomePageFunctionality_HP.TC_HP_002_HomePageTest - ... create 'Success' Page
03:02:42.769 [main] INFO  testCases.HomePageFunctionality_HP.TC_HP_002_HomePageTest - ... click 'Continue' button on 'Success' Page
03:02:42.773 [main] INFO  testCases.HomePageFunctionality_HP.TC_HP_002_HomePageTest - ... create 'My Account' Page
03:02:43.281 [main] INFO  testCases.HomePageFunctionality_HP.TC_HP_002_HomePageTest - ... redirecting to Home Page by click 'Qafox.com' logo on the top of the page
03:02:43.348 [main] INFO  testCases.HomePageFunctionality_HP.TC_HP_002_HomePageTest - ... click 'Desktops' in page menu
03:02:44.731 [main] INFO  testCases.HomePageFunctionality_HP.TC_HP_002_HomePageTest - ... click 'Show All Desktops' option in dropdown list
03:02:44.732 [main] INFO  testCases.HomePageFunctionality_HP.TC_HP_002_HomePageTest - ... create 'Desktops' Page
03:02:44.798 [main] INFO  testCases.HomePageFunctionality_HP.TC_HP_002_HomePageTest - ... click 'Add to cart' button on product 'HP LP3065'
03:02:44.800 [main] INFO  testCases.HomePageFunctionality_HP.TC_HP_002_HomePageTest - ... create 'HP LP3065' Page
03:02:45.971 [main] INFO  testCases.HomePageFunctionality_HP.TC_HP_002_HomePageTest - ... click 'Add to cart' button on product 'HP LP3065' Page
03:02:46.476 [main] INFO  testCases.HomePageFunctionality_HP.TC_HP_002_HomePageTest - ... setting 500ms delay
03:02:46.966 [main] INFO  testCases.HomePageFunctionality_HP.TC_HP_002_HomePageTest - ... click 'Shopping cart' link in success message
03:02:46.967 [main] INFO  testCases.HomePageFunctionality_HP.TC_HP_002_HomePageTest - ... create 'Shopping Cart' Page
03:02:47.535 [main] INFO  testCases.HomePageFunctionality_HP.TC_HP_002_HomePageTest - ... click on 'Checkout' button
03:02:47.537 [main] INFO  testCases.HomePageFunctionality_HP.TC_HP_002_HomePageTest - ... create 'Checkout' Page
03:02:47.962 [main] INFO  testCases.HomePageFunctionality_HP.TC_HP_002_HomePageTest - ... setting first name - 'test'
03:02:48.068 [main] INFO  testCases.HomePageFunctionality_HP.TC_HP_002_HomePageTest - ... setting last name - 'test'
03:02:48.198 [main] INFO  testCases.HomePageFunctionality_HP.TC_HP_002_HomePageTest - ... setting company name - 'test'
03:02:48.281 [main] INFO  testCases.HomePageFunctionality_HP.TC_HP_002_HomePageTest - ... setting Address 1 - 'test'
03:02:48.353 [main] INFO  testCases.HomePageFunctionality_HP.TC_HP_002_HomePageTest - ... setting Address 2 - 'test'
03:02:48.428 [main] INFO  testCases.HomePageFunctionality_HP.TC_HP_002_HomePageTest - ... setting City - 'test'
03:02:48.501 [main] INFO  testCases.HomePageFunctionality_HP.TC_HP_002_HomePageTest - ... setting Post Code - '21000'
03:02:48.657 [main] INFO  testCases.HomePageFunctionality_HP.TC_HP_002_HomePageTest - ... setting country - 'Mexico'
03:02:49.024 [main] INFO  testCases.HomePageFunctionality_HP.TC_HP_002_HomePageTest - ... setting region - 'Mexico'
03:02:49.081 [main] INFO  testCases.HomePageFunctionality_HP.TC_HP_002_HomePageTest - ...click 'Continue' button for STEP 2
03:02:49.963 [main] INFO  testCases.HomePageFunctionality_HP.TC_HP_002_HomePageTest - ...click 'Continue' button for STEP 3
03:02:50.895 [main] INFO  testCases.HomePageFunctionality_HP.TC_HP_002_HomePageTest - ...click 'Continue' button for STEP 4
03:02:51.830 [main] INFO  testCases.HomePageFunctionality_HP.TC_HP_002_HomePageTest - ...click checkbox 'Terms and Conditions'
03:02:51.901 [main] INFO  testCases.HomePageFunctionality_HP.TC_HP_002_HomePageTest - ...click 'Continue' button for STEP 5
03:02:53.337 [main] INFO  testCases.HomePageFunctionality_HP.TC_HP_002_HomePageTest - ...click 'Confirm Order' button
03:02:53.338 [main] INFO  testCases.HomePageFunctionality_HP.TC_HP_002_HomePageTest - ... create 'Checkout success' Page
03:02:54.527 [main] INFO  testCases.HomePageFunctionality_HP.TC_HP_002_HomePageTest - ... click 'Continue' on 'Checkout success' Page
03:02:54.527 [main] INFO  testCases.HomePageFunctionality_HP.TC_HP_002_HomePageTest - ... validating redirection to the Home Page
03:02:54.550 [main] INFO  testCases.HomePageFunctionality_HP.TC_HP_002_HomePageTest - ***  END TC_HP_002_HomePageTest ***
03:25:49.339 [main] INFO  testCases.HomePageFunctionality_HP.TC_HP_003_HomePageTest - 
03:25:49.342 [main] INFO  testCases.HomePageFunctionality_HP.TC_HP_003_HomePageTest - ***  START TC_HP_003_HomePageTest ***
03:25:49.361 [main] INFO  testCases.HomePageFunctionality_HP.TC_HP_003_HomePageTest - ... create Home Page
03:25:49.464 [main] INFO  testCases.HomePageFunctionality_HP.TC_HP_003_HomePageTest - ...click 'Desktops' in menu
03:25:50.594 [main] INFO  testCases.HomePageFunctionality_HP.TC_HP_003_HomePageTest - ...click 'Show All Desktops' option in dropdown
03:25:50.595 [main] INFO  testCases.HomePageFunctionality_HP.TC_HP_003_HomePageTest - ... create 'Desktops' Page
03:25:51.046 [main] INFO  testCases.HomePageFunctionality_HP.TC_HP_003_HomePageTest - ...click on 'Qafox.com' on the top of the page
03:25:51.046 [main] INFO  testCases.HomePageFunctionality_HP.TC_HP_003_HomePageTest - ...validating redirection to Home Page
03:25:51.074 [main] INFO  testCases.HomePageFunctionality_HP.TC_HP_003_HomePageTest - ***  END TC_HP_003_HomePageTest ***
03:40:51.314 [main] INFO  testCases.HomePageFunctionality_HP.TC_HP_004_HomePageTest - 
03:40:51.325 [main] INFO  testCases.HomePageFunctionality_HP.TC_HP_004_HomePageTest - ***  START TC_HP_004_HomePageTest ***
03:40:51.341 [main] INFO  testCases.HomePageFunctionality_HP.TC_HP_004_HomePageTest - ... create Home Page
03:40:52.747 [main] INFO  testCases.HomePageFunctionality_HP.TC_HP_004_HomePageTest - ***  END TC_HP_004_HomePageTest ***
